<?xml version="1.0" ?>
<testsuites disabled="0" errors="0" failures="7" tests="476" time="0.0">
	<testsuite disabled="0" errors="0" failures="0" name="CKV_AWS_108/Ensure IAM policies does not allow data exfiltration" skipped="0" tests="57" time="0" package="checkov.cloudformation.checks.resource.aws.IAMDataExfiltration">
		<testcase name="None CKV_AWS_108/Ensure IAM policies does not allow data exfiltration AWS::IAM::Role.ec2adminroleA460CCA5" classname="checkov.cloudformation.checks.resource.aws.IAMDataExfiltration" file="/CloudhsmBaseStack.template.json"/>
		<testcase name="None CKV_AWS_108/Ensure IAM policies does not allow data exfiltration AWS::IAM::Policy.ec2adminroleDefaultPolicy4499CC9A" classname="checkov.cloudformation.checks.resource.aws.IAMDataExfiltration" file="/CloudhsmBaseStack.template.json"/>
		<testcase name="None CKV_AWS_108/Ensure IAM policies does not allow data exfiltration AWS::IAM::Role.ec2clientroleE023E9AF" classname="checkov.cloudformation.checks.resource.aws.IAMDataExfiltration" file="/CloudhsmBaseStack.template.json"/>
		<testcase name="None CKV_AWS_108/Ensure IAM policies does not allow data exfiltration AWS::IAM::Policy.ec2clientroleDefaultPolicyEF975D0B" classname="checkov.cloudformation.checks.resource.aws.IAMDataExfiltration" file="/CloudhsmBaseStack.template.json"/>
		<testcase name="None CKV_AWS_108/Ensure IAM policies does not allow data exfiltration AWS::IAM::Role.cloudHSMProviderServiceRole7CAEB7A1" classname="checkov.cloudformation.checks.resource.aws.IAMDataExfiltration" file="/CloudhsmBaseStack.template.json"/>
		<testcase name="None CKV_AWS_108/Ensure IAM policies does not allow data exfiltration AWS::IAM::Policy.cloudHSMProviderServiceRoleDefaultPolicy01676690" classname="checkov.cloudformation.checks.resource.aws.IAMDataExfiltration" file="/CloudhsmBaseStack.template.json"/>
		<testcase name="None CKV_AWS_108/Ensure IAM policies does not allow data exfiltration AWS::IAM::Role.cloudHSMProviderIsCompleteServiceRoleCE32519C" classname="checkov.cloudformation.checks.resource.aws.IAMDataExfiltration" file="/CloudhsmBaseStack.template.json"/>
		<testcase name="None CKV_AWS_108/Ensure IAM policies does not allow data exfiltration AWS::IAM::Policy.cloudHSMProviderIsCompleteServiceRoleDefaultPolicyB807042B" classname="checkov.cloudformation.checks.resource.aws.IAMDataExfiltration" file="/CloudhsmBaseStack.template.json"/>
		<testcase name="None CKV_AWS_108/Ensure IAM policies does not allow data exfiltration AWS::IAM::Role.CloudHSMClusterProviderframeworkonEventServiceRole7848F903" classname="checkov.cloudformation.checks.resource.aws.IAMDataExfiltration" file="/CloudhsmBaseStack.template.json"/>
		<testcase name="None CKV_AWS_108/Ensure IAM policies does not allow data exfiltration AWS::IAM::Role.CloudHSMClusterProviderframeworkisCompleteServiceRoleD619339B" classname="checkov.cloudformation.checks.resource.aws.IAMDataExfiltration" file="/CloudhsmBaseStack.template.json"/>
		<testcase name="None CKV_AWS_108/Ensure IAM policies does not allow data exfiltration AWS::IAM::Role.CloudHSMClusterProviderframeworkonTimeoutServiceRole937BC387" classname="checkov.cloudformation.checks.resource.aws.IAMDataExfiltration" file="/CloudhsmBaseStack.template.json"/>
		<testcase name="None CKV_AWS_108/Ensure IAM policies does not allow data exfiltration AWS::IAM::Role.CloudHSMClusterProviderwaiterstatemachineRoleD9FA70D4" classname="checkov.cloudformation.checks.resource.aws.IAMDataExfiltration" file="/CloudhsmBaseStack.template.json"/>
		<testcase name="None CKV_AWS_108/Ensure IAM policies does not allow data exfiltration AWS::IAM::Role.cloudHSM1ProviderServiceRole5097D5B0" classname="checkov.cloudformation.checks.resource.aws.IAMDataExfiltration" file="/CloudhsmBaseStack.template.json"/>
		<testcase name="None CKV_AWS_108/Ensure IAM policies does not allow data exfiltration AWS::IAM::Policy.cloudHSM1ProviderServiceRoleDefaultPolicyF96AD4A5" classname="checkov.cloudformation.checks.resource.aws.IAMDataExfiltration" file="/CloudhsmBaseStack.template.json"/>
		<testcase name="None CKV_AWS_108/Ensure IAM policies does not allow data exfiltration AWS::IAM::Role.cloudHSM1ProviderIsCompleteServiceRole63850238" classname="checkov.cloudformation.checks.resource.aws.IAMDataExfiltration" file="/CloudhsmBaseStack.template.json"/>
		<testcase name="None CKV_AWS_108/Ensure IAM policies does not allow data exfiltration AWS::IAM::Policy.cloudHSM1ProviderIsCompleteServiceRoleDefaultPolicyCEB255AB" classname="checkov.cloudformation.checks.resource.aws.IAMDataExfiltration" file="/CloudhsmBaseStack.template.json"/>
		<testcase name="None CKV_AWS_108/Ensure IAM policies does not allow data exfiltration AWS::IAM::Role.CloudHSM1ProviderframeworkonEventServiceRole6E6516FF" classname="checkov.cloudformation.checks.resource.aws.IAMDataExfiltration" file="/CloudhsmBaseStack.template.json"/>
		<testcase name="None CKV_AWS_108/Ensure IAM policies does not allow data exfiltration AWS::IAM::Role.CloudHSM1ProviderframeworkisCompleteServiceRole1C14C0C6" classname="checkov.cloudformation.checks.resource.aws.IAMDataExfiltration" file="/CloudhsmBaseStack.template.json"/>
		<testcase name="None CKV_AWS_108/Ensure IAM policies does not allow data exfiltration AWS::IAM::Role.CloudHSM1ProviderframeworkonTimeoutServiceRole7DAA061C" classname="checkov.cloudformation.checks.resource.aws.IAMDataExfiltration" file="/CloudhsmBaseStack.template.json"/>
		<testcase name="None CKV_AWS_108/Ensure IAM policies does not allow data exfiltration AWS::IAM::Role.CloudHSM1ProviderwaiterstatemachineRoleFBA3B042" classname="checkov.cloudformation.checks.resource.aws.IAMDataExfiltration" file="/CloudhsmBaseStack.template.json"/>
		<testcase name="None CKV_AWS_108/Ensure IAM policies does not allow data exfiltration AWS::IAM::Role.initializeClusterServiceRole0164ADE0" classname="checkov.cloudformation.checks.resource.aws.IAMDataExfiltration" file="/CloudhsmBaseStack.template.json"/>
		<testcase name="None CKV_AWS_108/Ensure IAM policies does not allow data exfiltration AWS::IAM::Role.initializeClusterIsCompleteFunctionServiceRole983C5337" classname="checkov.cloudformation.checks.resource.aws.IAMDataExfiltration" file="/CloudhsmBaseStack.template.json"/>
		<testcase name="None CKV_AWS_108/Ensure IAM policies does not allow data exfiltration AWS::IAM::Role.generateKeysProviderframeworkonEventServiceRoleC7CB2594" classname="checkov.cloudformation.checks.resource.aws.IAMDataExfiltration" file="/CloudhsmBaseStack.template.json"/>
		<testcase name="None CKV_AWS_108/Ensure IAM policies does not allow data exfiltration AWS::IAM::Role.generateKeysProviderframeworkisCompleteServiceRoleCB27A285" classname="checkov.cloudformation.checks.resource.aws.IAMDataExfiltration" file="/CloudhsmBaseStack.template.json"/>
		<testcase name="None CKV_AWS_108/Ensure IAM policies does not allow data exfiltration AWS::IAM::Role.generateKeysProviderframeworkonTimeoutServiceRole929341A4" classname="checkov.cloudformation.checks.resource.aws.IAMDataExfiltration" file="/CloudhsmBaseStack.template.json"/>
		<testcase name="None CKV_AWS_108/Ensure IAM policies does not allow data exfiltration AWS::IAM::Role.generateKeysProviderwaiterstatemachineRoleF72688EB" classname="checkov.cloudformation.checks.resource.aws.IAMDataExfiltration" file="/CloudhsmBaseStack.template.json"/>
		<testcase name="None CKV_AWS_108/Ensure IAM policies does not allow data exfiltration AWS::IAM::Role.activateClusterFunctionServiceRole69557F9B" classname="checkov.cloudformation.checks.resource.aws.IAMDataExfiltration" file="/CloudhsmBaseStack.template.json"/>
		<testcase name="None CKV_AWS_108/Ensure IAM policies does not allow data exfiltration AWS::IAM::Policy.activateClusterFunctionServiceRoleDefaultPolicyA5C8D157" classname="checkov.cloudformation.checks.resource.aws.IAMDataExfiltration" file="/CloudhsmBaseStack.template.json"/>
		<testcase name="None CKV_AWS_108/Ensure IAM policies does not allow data exfiltration AWS::IAM::Role.activateClusterCompleteFunctionServiceRole11AAD019" classname="checkov.cloudformation.checks.resource.aws.IAMDataExfiltration" file="/CloudhsmBaseStack.template.json"/>
		<testcase name="None CKV_AWS_108/Ensure IAM policies does not allow data exfiltration AWS::IAM::Policy.activateClusterCompleteFunctionServiceRoleDefaultPolicy50835726" classname="checkov.cloudformation.checks.resource.aws.IAMDataExfiltration" file="/CloudhsmBaseStack.template.json"/>
		<testcase name="None CKV_AWS_108/Ensure IAM policies does not allow data exfiltration AWS::IAM::Role.activateClusterProviderframeworkonEventServiceRoleE8E1FFC8" classname="checkov.cloudformation.checks.resource.aws.IAMDataExfiltration" file="/CloudhsmBaseStack.template.json"/>
		<testcase name="None CKV_AWS_108/Ensure IAM policies does not allow data exfiltration AWS::IAM::Role.activateClusterProviderframeworkisCompleteServiceRoleD5CFE6A4" classname="checkov.cloudformation.checks.resource.aws.IAMDataExfiltration" file="/CloudhsmBaseStack.template.json"/>
		<testcase name="None CKV_AWS_108/Ensure IAM policies does not allow data exfiltration AWS::IAM::Role.activateClusterProviderframeworkonTimeoutServiceRoleE6E5582F" classname="checkov.cloudformation.checks.resource.aws.IAMDataExfiltration" file="/CloudhsmBaseStack.template.json"/>
		<testcase name="None CKV_AWS_108/Ensure IAM policies does not allow data exfiltration AWS::IAM::Role.activateClusterProviderwaiterstatemachineRole22FB6F51" classname="checkov.cloudformation.checks.resource.aws.IAMDataExfiltration" file="/CloudhsmBaseStack.template.json"/>
		<testcase name="None CKV_AWS_108/Ensure IAM policies does not allow data exfiltration AWS::IAM::Role.cloudHSMReadyProviderServiceRoleA85A583A" classname="checkov.cloudformation.checks.resource.aws.IAMDataExfiltration" file="/CloudhsmBaseStack.template.json"/>
		<testcase name="None CKV_AWS_108/Ensure IAM policies does not allow data exfiltration AWS::IAM::Role.cloudHSMReadyIsCompleteProviderServiceRole1FB38318" classname="checkov.cloudformation.checks.resource.aws.IAMDataExfiltration" file="/CloudhsmBaseStack.template.json"/>
		<testcase name="None CKV_AWS_108/Ensure IAM policies does not allow data exfiltration AWS::IAM::Role.cloudHsmReadyProviderframeworkonEventServiceRole1836B3C1" classname="checkov.cloudformation.checks.resource.aws.IAMDataExfiltration" file="/CloudhsmBaseStack.template.json"/>
		<testcase name="None CKV_AWS_108/Ensure IAM policies does not allow data exfiltration AWS::IAM::Role.cloudHsmReadyProviderframeworkisCompleteServiceRole65E91978" classname="checkov.cloudformation.checks.resource.aws.IAMDataExfiltration" file="/CloudhsmBaseStack.template.json"/>
		<testcase name="None CKV_AWS_108/Ensure IAM policies does not allow data exfiltration AWS::IAM::Role.cloudHsmReadyProviderframeworkonTimeoutServiceRole48AF6CF9" classname="checkov.cloudformation.checks.resource.aws.IAMDataExfiltration" file="/CloudhsmBaseStack.template.json"/>
		<testcase name="None CKV_AWS_108/Ensure IAM policies does not allow data exfiltration AWS::IAM::Role.cloudHsmReadyProviderwaiterstatemachineRole0917493B" classname="checkov.cloudformation.checks.resource.aws.IAMDataExfiltration" file="/CloudhsmBaseStack.template.json"/>
		<testcase name="None CKV_AWS_108/Ensure IAM policies does not allow data exfiltration AWS::IAM::Role.CloudHSM2ProviderframeworkonEventServiceRoleCF066081" classname="checkov.cloudformation.checks.resource.aws.IAMDataExfiltration" file="/CloudhsmBaseStack.template.json"/>
		<testcase name="None CKV_AWS_108/Ensure IAM policies does not allow data exfiltration AWS::IAM::Role.CloudHSM2ProviderframeworkisCompleteServiceRole47BFE2D1" classname="checkov.cloudformation.checks.resource.aws.IAMDataExfiltration" file="/CloudhsmBaseStack.template.json"/>
		<testcase name="None CKV_AWS_108/Ensure IAM policies does not allow data exfiltration AWS::IAM::Role.CloudHSM2ProviderframeworkonTimeoutServiceRoleA40C4245" classname="checkov.cloudformation.checks.resource.aws.IAMDataExfiltration" file="/CloudhsmBaseStack.template.json"/>
		<testcase name="None CKV_AWS_108/Ensure IAM policies does not allow data exfiltration AWS::IAM::Role.CloudHSM2ProviderwaiterstatemachineRole5A9685A0" classname="checkov.cloudformation.checks.resource.aws.IAMDataExfiltration" file="/CloudhsmBaseStack.template.json"/>
		<testcase name="None CKV_AWS_108/Ensure IAM policies does not allow data exfiltration AWS::IAM::Role.bootstrapFunctionServiceRole1AA9C3D6" classname="checkov.cloudformation.checks.resource.aws.IAMDataExfiltration" file="/CloudhsmBaseStack.template.json"/>
		<testcase name="None CKV_AWS_108/Ensure IAM policies does not allow data exfiltration AWS::IAM::Policy.bootstrapFunctionServiceRoleDefaultPolicy606D0E07" classname="checkov.cloudformation.checks.resource.aws.IAMDataExfiltration" file="/CloudhsmBaseStack.template.json"/>
		<testcase name="None CKV_AWS_108/Ensure IAM policies does not allow data exfiltration AWS::IAM::Role.bootstrapCompleteFunctionServiceRoleAAE63BCF" classname="checkov.cloudformation.checks.resource.aws.IAMDataExfiltration" file="/CloudhsmBaseStack.template.json"/>
		<testcase name="None CKV_AWS_108/Ensure IAM policies does not allow data exfiltration AWS::IAM::Policy.bootstrapCompleteFunctionServiceRoleDefaultPolicy1C0EEADF" classname="checkov.cloudformation.checks.resource.aws.IAMDataExfiltration" file="/CloudhsmBaseStack.template.json"/>
		<testcase name="None CKV_AWS_108/Ensure IAM policies does not allow data exfiltration AWS::IAM::Role.bootstrapInstanceProviderframeworkonEventServiceRoleCA704F0B" classname="checkov.cloudformation.checks.resource.aws.IAMDataExfiltration" file="/CloudhsmBaseStack.template.json"/>
		<testcase name="None CKV_AWS_108/Ensure IAM policies does not allow data exfiltration AWS::IAM::Role.bootstrapInstanceProviderframeworkisCompleteServiceRoleF9E32C1A" classname="checkov.cloudformation.checks.resource.aws.IAMDataExfiltration" file="/CloudhsmBaseStack.template.json"/>
		<testcase name="None CKV_AWS_108/Ensure IAM policies does not allow data exfiltration AWS::IAM::Role.bootstrapInstanceProviderframeworkonTimeoutServiceRole80D6C344" classname="checkov.cloudformation.checks.resource.aws.IAMDataExfiltration" file="/CloudhsmBaseStack.template.json"/>
		<testcase name="None CKV_AWS_108/Ensure IAM policies does not allow data exfiltration AWS::IAM::Role.bootstrapInstanceProviderwaiterstatemachineRole0E37C522" classname="checkov.cloudformation.checks.resource.aws.IAMDataExfiltration" file="/CloudhsmBaseStack.template.json"/>
		<testcase name="None CKV_AWS_108/Ensure IAM policies does not allow data exfiltration AWS::IAM::Role.ecsServiceRoleCheckServiceRole27D9A297" classname="checkov.cloudformation.checks.resource.aws.IAMDataExfiltration" file="/CloudhsmBaseStack.template.json"/>
		<testcase name="None CKV_AWS_108/Ensure IAM policies does not allow data exfiltration AWS::IAM::Policy.ecsServiceRoleCheckServiceRoleDefaultPolicyBDF70034" classname="checkov.cloudformation.checks.resource.aws.IAMDataExfiltration" file="/CloudhsmBaseStack.template.json"/>
		<testcase name="None CKV_AWS_108/Ensure IAM policies does not allow data exfiltration AWS::IAM::Role.ecsServiceRoleProviderframeworkonEventServiceRoleBCFF1C66" classname="checkov.cloudformation.checks.resource.aws.IAMDataExfiltration" file="/CloudhsmBaseStack.template.json"/>
		<testcase name="None CKV_AWS_108/Ensure IAM policies does not allow data exfiltration AWS::IAM::Role.taskRole4695B131" classname="checkov.cloudformation.checks.resource.aws.IAMDataExfiltration" file="/CloudhsmBaseStack.template.json"/>
		<testcase name="None CKV_AWS_108/Ensure IAM policies does not allow data exfiltration AWS::IAM::Role.taskDefinitionExecutionRoleA4C0BDBC" classname="checkov.cloudformation.checks.resource.aws.IAMDataExfiltration" file="/CloudhsmBaseStack.template.json"/>
	</testsuite>
	<testsuite disabled="0" errors="0" failures="4" name="CKV_AWS_111/Ensure IAM policies does not allow write access without constraints" skipped="0" tests="57" time="0" package="checkov.cloudformation.checks.resource.aws.IAMWriteAccess">
		<testcase name="None CKV_AWS_111/Ensure IAM policies does not allow write access without constraints AWS::IAM::Role.ec2adminroleA460CCA5" classname="checkov.cloudformation.checks.resource.aws.IAMWriteAccess" file="/CloudhsmBaseStack.template.json"/>
		<testcase name="None CKV_AWS_111/Ensure IAM policies does not allow write access without constraints AWS::IAM::Policy.ec2adminroleDefaultPolicy4499CC9A" classname="checkov.cloudformation.checks.resource.aws.IAMWriteAccess" file="/CloudhsmBaseStack.template.json"/>
		<testcase name="None CKV_AWS_111/Ensure IAM policies does not allow write access without constraints AWS::IAM::Role.ec2clientroleE023E9AF" classname="checkov.cloudformation.checks.resource.aws.IAMWriteAccess" file="/CloudhsmBaseStack.template.json"/>
		<testcase name="None CKV_AWS_111/Ensure IAM policies does not allow write access without constraints AWS::IAM::Policy.ec2clientroleDefaultPolicyEF975D0B" classname="checkov.cloudformation.checks.resource.aws.IAMWriteAccess" file="/CloudhsmBaseStack.template.json"/>
		<testcase name="None CKV_AWS_111/Ensure IAM policies does not allow write access without constraints AWS::IAM::Role.cloudHSMProviderServiceRole7CAEB7A1" classname="checkov.cloudformation.checks.resource.aws.IAMWriteAccess" file="/CloudhsmBaseStack.template.json"/>
		<testcase name="None CKV_AWS_111/Ensure IAM policies does not allow write access without constraints AWS::IAM::Policy.cloudHSMProviderServiceRoleDefaultPolicy01676690" classname="checkov.cloudformation.checks.resource.aws.IAMWriteAccess" file="/CloudhsmBaseStack.template.json"/>
		<testcase name="None CKV_AWS_111/Ensure IAM policies does not allow write access without constraints AWS::IAM::Role.cloudHSMProviderIsCompleteServiceRoleCE32519C" classname="checkov.cloudformation.checks.resource.aws.IAMWriteAccess" file="/CloudhsmBaseStack.template.json"/>
		<testcase name="None CKV_AWS_111/Ensure IAM policies does not allow write access without constraints AWS::IAM::Policy.cloudHSMProviderIsCompleteServiceRoleDefaultPolicyB807042B" classname="checkov.cloudformation.checks.resource.aws.IAMWriteAccess" file="/CloudhsmBaseStack.template.json"/>
		<testcase name="None CKV_AWS_111/Ensure IAM policies does not allow write access without constraints AWS::IAM::Role.CloudHSMClusterProviderframeworkonEventServiceRole7848F903" classname="checkov.cloudformation.checks.resource.aws.IAMWriteAccess" file="/CloudhsmBaseStack.template.json"/>
		<testcase name="None CKV_AWS_111/Ensure IAM policies does not allow write access without constraints AWS::IAM::Role.CloudHSMClusterProviderframeworkisCompleteServiceRoleD619339B" classname="checkov.cloudformation.checks.resource.aws.IAMWriteAccess" file="/CloudhsmBaseStack.template.json"/>
		<testcase name="None CKV_AWS_111/Ensure IAM policies does not allow write access without constraints AWS::IAM::Role.CloudHSMClusterProviderframeworkonTimeoutServiceRole937BC387" classname="checkov.cloudformation.checks.resource.aws.IAMWriteAccess" file="/CloudhsmBaseStack.template.json"/>
		<testcase name="None CKV_AWS_111/Ensure IAM policies does not allow write access without constraints AWS::IAM::Role.CloudHSMClusterProviderwaiterstatemachineRoleD9FA70D4" classname="checkov.cloudformation.checks.resource.aws.IAMWriteAccess" file="/CloudhsmBaseStack.template.json"/>
		<testcase name="None CKV_AWS_111/Ensure IAM policies does not allow write access without constraints AWS::IAM::Role.cloudHSM1ProviderServiceRole5097D5B0" classname="checkov.cloudformation.checks.resource.aws.IAMWriteAccess" file="/CloudhsmBaseStack.template.json"/>
		<testcase name="None CKV_AWS_111/Ensure IAM policies does not allow write access without constraints AWS::IAM::Policy.cloudHSM1ProviderServiceRoleDefaultPolicyF96AD4A5" classname="checkov.cloudformation.checks.resource.aws.IAMWriteAccess" file="/CloudhsmBaseStack.template.json"/>
		<testcase name="None CKV_AWS_111/Ensure IAM policies does not allow write access without constraints AWS::IAM::Role.cloudHSM1ProviderIsCompleteServiceRole63850238" classname="checkov.cloudformation.checks.resource.aws.IAMWriteAccess" file="/CloudhsmBaseStack.template.json"/>
		<testcase name="None CKV_AWS_111/Ensure IAM policies does not allow write access without constraints AWS::IAM::Policy.cloudHSM1ProviderIsCompleteServiceRoleDefaultPolicyCEB255AB" classname="checkov.cloudformation.checks.resource.aws.IAMWriteAccess" file="/CloudhsmBaseStack.template.json"/>
		<testcase name="None CKV_AWS_111/Ensure IAM policies does not allow write access without constraints AWS::IAM::Role.CloudHSM1ProviderframeworkonEventServiceRole6E6516FF" classname="checkov.cloudformation.checks.resource.aws.IAMWriteAccess" file="/CloudhsmBaseStack.template.json"/>
		<testcase name="None CKV_AWS_111/Ensure IAM policies does not allow write access without constraints AWS::IAM::Role.CloudHSM1ProviderframeworkisCompleteServiceRole1C14C0C6" classname="checkov.cloudformation.checks.resource.aws.IAMWriteAccess" file="/CloudhsmBaseStack.template.json"/>
		<testcase name="None CKV_AWS_111/Ensure IAM policies does not allow write access without constraints AWS::IAM::Role.CloudHSM1ProviderframeworkonTimeoutServiceRole7DAA061C" classname="checkov.cloudformation.checks.resource.aws.IAMWriteAccess" file="/CloudhsmBaseStack.template.json"/>
		<testcase name="None CKV_AWS_111/Ensure IAM policies does not allow write access without constraints AWS::IAM::Role.CloudHSM1ProviderwaiterstatemachineRoleFBA3B042" classname="checkov.cloudformation.checks.resource.aws.IAMWriteAccess" file="/CloudhsmBaseStack.template.json"/>
		<testcase name="None CKV_AWS_111/Ensure IAM policies does not allow write access without constraints AWS::IAM::Role.initializeClusterServiceRole0164ADE0" classname="checkov.cloudformation.checks.resource.aws.IAMWriteAccess" file="/CloudhsmBaseStack.template.json"/>
		<testcase name="None CKV_AWS_111/Ensure IAM policies does not allow write access without constraints AWS::IAM::Role.initializeClusterIsCompleteFunctionServiceRole983C5337" classname="checkov.cloudformation.checks.resource.aws.IAMWriteAccess" file="/CloudhsmBaseStack.template.json"/>
		<testcase name="None CKV_AWS_111/Ensure IAM policies does not allow write access without constraints AWS::IAM::Role.generateKeysProviderframeworkonEventServiceRoleC7CB2594" classname="checkov.cloudformation.checks.resource.aws.IAMWriteAccess" file="/CloudhsmBaseStack.template.json"/>
		<testcase name="None CKV_AWS_111/Ensure IAM policies does not allow write access without constraints AWS::IAM::Role.generateKeysProviderframeworkisCompleteServiceRoleCB27A285" classname="checkov.cloudformation.checks.resource.aws.IAMWriteAccess" file="/CloudhsmBaseStack.template.json"/>
		<testcase name="None CKV_AWS_111/Ensure IAM policies does not allow write access without constraints AWS::IAM::Role.generateKeysProviderframeworkonTimeoutServiceRole929341A4" classname="checkov.cloudformation.checks.resource.aws.IAMWriteAccess" file="/CloudhsmBaseStack.template.json"/>
		<testcase name="None CKV_AWS_111/Ensure IAM policies does not allow write access without constraints AWS::IAM::Role.generateKeysProviderwaiterstatemachineRoleF72688EB" classname="checkov.cloudformation.checks.resource.aws.IAMWriteAccess" file="/CloudhsmBaseStack.template.json"/>
		<testcase name="None CKV_AWS_111/Ensure IAM policies does not allow write access without constraints AWS::IAM::Role.activateClusterFunctionServiceRole69557F9B" classname="checkov.cloudformation.checks.resource.aws.IAMWriteAccess" file="/CloudhsmBaseStack.template.json"/>
		<testcase name="None CKV_AWS_111/Ensure IAM policies does not allow write access without constraints AWS::IAM::Role.activateClusterCompleteFunctionServiceRole11AAD019" classname="checkov.cloudformation.checks.resource.aws.IAMWriteAccess" file="/CloudhsmBaseStack.template.json"/>
		<testcase name="None CKV_AWS_111/Ensure IAM policies does not allow write access without constraints AWS::IAM::Role.activateClusterProviderframeworkonEventServiceRoleE8E1FFC8" classname="checkov.cloudformation.checks.resource.aws.IAMWriteAccess" file="/CloudhsmBaseStack.template.json"/>
		<testcase name="None CKV_AWS_111/Ensure IAM policies does not allow write access without constraints AWS::IAM::Role.activateClusterProviderframeworkisCompleteServiceRoleD5CFE6A4" classname="checkov.cloudformation.checks.resource.aws.IAMWriteAccess" file="/CloudhsmBaseStack.template.json"/>
		<testcase name="None CKV_AWS_111/Ensure IAM policies does not allow write access without constraints AWS::IAM::Role.activateClusterProviderframeworkonTimeoutServiceRoleE6E5582F" classname="checkov.cloudformation.checks.resource.aws.IAMWriteAccess" file="/CloudhsmBaseStack.template.json"/>
		<testcase name="None CKV_AWS_111/Ensure IAM policies does not allow write access without constraints AWS::IAM::Role.activateClusterProviderwaiterstatemachineRole22FB6F51" classname="checkov.cloudformation.checks.resource.aws.IAMWriteAccess" file="/CloudhsmBaseStack.template.json"/>
		<testcase name="None CKV_AWS_111/Ensure IAM policies does not allow write access without constraints AWS::IAM::Role.cloudHSMReadyProviderServiceRoleA85A583A" classname="checkov.cloudformation.checks.resource.aws.IAMWriteAccess" file="/CloudhsmBaseStack.template.json"/>
		<testcase name="None CKV_AWS_111/Ensure IAM policies does not allow write access without constraints AWS::IAM::Role.cloudHSMReadyIsCompleteProviderServiceRole1FB38318" classname="checkov.cloudformation.checks.resource.aws.IAMWriteAccess" file="/CloudhsmBaseStack.template.json"/>
		<testcase name="None CKV_AWS_111/Ensure IAM policies does not allow write access without constraints AWS::IAM::Role.cloudHsmReadyProviderframeworkonEventServiceRole1836B3C1" classname="checkov.cloudformation.checks.resource.aws.IAMWriteAccess" file="/CloudhsmBaseStack.template.json"/>
		<testcase name="None CKV_AWS_111/Ensure IAM policies does not allow write access without constraints AWS::IAM::Role.cloudHsmReadyProviderframeworkisCompleteServiceRole65E91978" classname="checkov.cloudformation.checks.resource.aws.IAMWriteAccess" file="/CloudhsmBaseStack.template.json"/>
		<testcase name="None CKV_AWS_111/Ensure IAM policies does not allow write access without constraints AWS::IAM::Role.cloudHsmReadyProviderframeworkonTimeoutServiceRole48AF6CF9" classname="checkov.cloudformation.checks.resource.aws.IAMWriteAccess" file="/CloudhsmBaseStack.template.json"/>
		<testcase name="None CKV_AWS_111/Ensure IAM policies does not allow write access without constraints AWS::IAM::Role.cloudHsmReadyProviderwaiterstatemachineRole0917493B" classname="checkov.cloudformation.checks.resource.aws.IAMWriteAccess" file="/CloudhsmBaseStack.template.json"/>
		<testcase name="None CKV_AWS_111/Ensure IAM policies does not allow write access without constraints AWS::IAM::Role.CloudHSM2ProviderframeworkonEventServiceRoleCF066081" classname="checkov.cloudformation.checks.resource.aws.IAMWriteAccess" file="/CloudhsmBaseStack.template.json"/>
		<testcase name="None CKV_AWS_111/Ensure IAM policies does not allow write access without constraints AWS::IAM::Role.CloudHSM2ProviderframeworkisCompleteServiceRole47BFE2D1" classname="checkov.cloudformation.checks.resource.aws.IAMWriteAccess" file="/CloudhsmBaseStack.template.json"/>
		<testcase name="None CKV_AWS_111/Ensure IAM policies does not allow write access without constraints AWS::IAM::Role.CloudHSM2ProviderframeworkonTimeoutServiceRoleA40C4245" classname="checkov.cloudformation.checks.resource.aws.IAMWriteAccess" file="/CloudhsmBaseStack.template.json"/>
		<testcase name="None CKV_AWS_111/Ensure IAM policies does not allow write access without constraints AWS::IAM::Role.CloudHSM2ProviderwaiterstatemachineRole5A9685A0" classname="checkov.cloudformation.checks.resource.aws.IAMWriteAccess" file="/CloudhsmBaseStack.template.json"/>
		<testcase name="None CKV_AWS_111/Ensure IAM policies does not allow write access without constraints AWS::IAM::Role.bootstrapFunctionServiceRole1AA9C3D6" classname="checkov.cloudformation.checks.resource.aws.IAMWriteAccess" file="/CloudhsmBaseStack.template.json"/>
		<testcase name="None CKV_AWS_111/Ensure IAM policies does not allow write access without constraints AWS::IAM::Role.bootstrapCompleteFunctionServiceRoleAAE63BCF" classname="checkov.cloudformation.checks.resource.aws.IAMWriteAccess" file="/CloudhsmBaseStack.template.json"/>
		<testcase name="None CKV_AWS_111/Ensure IAM policies does not allow write access without constraints AWS::IAM::Role.bootstrapInstanceProviderframeworkonEventServiceRoleCA704F0B" classname="checkov.cloudformation.checks.resource.aws.IAMWriteAccess" file="/CloudhsmBaseStack.template.json"/>
		<testcase name="None CKV_AWS_111/Ensure IAM policies does not allow write access without constraints AWS::IAM::Role.bootstrapInstanceProviderframeworkisCompleteServiceRoleF9E32C1A" classname="checkov.cloudformation.checks.resource.aws.IAMWriteAccess" file="/CloudhsmBaseStack.template.json"/>
		<testcase name="None CKV_AWS_111/Ensure IAM policies does not allow write access without constraints AWS::IAM::Role.bootstrapInstanceProviderframeworkonTimeoutServiceRole80D6C344" classname="checkov.cloudformation.checks.resource.aws.IAMWriteAccess" file="/CloudhsmBaseStack.template.json"/>
		<testcase name="None CKV_AWS_111/Ensure IAM policies does not allow write access without constraints AWS::IAM::Role.bootstrapInstanceProviderwaiterstatemachineRole0E37C522" classname="checkov.cloudformation.checks.resource.aws.IAMWriteAccess" file="/CloudhsmBaseStack.template.json"/>
		<testcase name="None CKV_AWS_111/Ensure IAM policies does not allow write access without constraints AWS::IAM::Role.ecsServiceRoleCheckServiceRole27D9A297" classname="checkov.cloudformation.checks.resource.aws.IAMWriteAccess" file="/CloudhsmBaseStack.template.json"/>
		<testcase name="None CKV_AWS_111/Ensure IAM policies does not allow write access without constraints AWS::IAM::Policy.ecsServiceRoleCheckServiceRoleDefaultPolicyBDF70034" classname="checkov.cloudformation.checks.resource.aws.IAMWriteAccess" file="/CloudhsmBaseStack.template.json"/>
		<testcase name="None CKV_AWS_111/Ensure IAM policies does not allow write access without constraints AWS::IAM::Role.ecsServiceRoleProviderframeworkonEventServiceRoleBCFF1C66" classname="checkov.cloudformation.checks.resource.aws.IAMWriteAccess" file="/CloudhsmBaseStack.template.json"/>
		<testcase name="None CKV_AWS_111/Ensure IAM policies does not allow write access without constraints AWS::IAM::Role.taskRole4695B131" classname="checkov.cloudformation.checks.resource.aws.IAMWriteAccess" file="/CloudhsmBaseStack.template.json"/>
		<testcase name="None CKV_AWS_111/Ensure IAM policies does not allow write access without constraints AWS::IAM::Role.taskDefinitionExecutionRoleA4C0BDBC" classname="checkov.cloudformation.checks.resource.aws.IAMWriteAccess" file="/CloudhsmBaseStack.template.json"/>
		<testcase name="None CKV_AWS_111/Ensure IAM policies does not allow write access without constraints AWS::IAM::Policy.activateClusterFunctionServiceRoleDefaultPolicyA5C8D157" classname="checkov.cloudformation.checks.resource.aws.IAMWriteAccess" file="/CloudhsmBaseStack.template.json">
			<failure type="failure" message="Resource AWS::IAM::Policy.activateClusterFunctionServiceRoleDefaultPolicyA5C8D157 failed in check CKV_AWS_111/Ensure IAM policies does not allow write access without constraints - /CloudhsmBaseStack.template.json:[3721, 3760]"/>
		</testcase>
		<testcase name="None CKV_AWS_111/Ensure IAM policies does not allow write access without constraints AWS::IAM::Policy.activateClusterCompleteFunctionServiceRoleDefaultPolicy50835726" classname="checkov.cloudformation.checks.resource.aws.IAMWriteAccess" file="/CloudhsmBaseStack.template.json">
			<failure type="failure" message="Resource AWS::IAM::Policy.activateClusterCompleteFunctionServiceRoleDefaultPolicy50835726 failed in check CKV_AWS_111/Ensure IAM policies does not allow write access without constraints - /CloudhsmBaseStack.template.json:[3855, 3881]"/>
		</testcase>
		<testcase name="None CKV_AWS_111/Ensure IAM policies does not allow write access without constraints AWS::IAM::Policy.bootstrapFunctionServiceRoleDefaultPolicy606D0E07" classname="checkov.cloudformation.checks.resource.aws.IAMWriteAccess" file="/CloudhsmBaseStack.template.json">
			<failure type="failure" message="Resource AWS::IAM::Policy.bootstrapFunctionServiceRoleDefaultPolicy606D0E07 failed in check CKV_AWS_111/Ensure IAM policies does not allow write access without constraints - /CloudhsmBaseStack.template.json:[6099, 6138]"/>
		</testcase>
		<testcase name="None CKV_AWS_111/Ensure IAM policies does not allow write access without constraints AWS::IAM::Policy.bootstrapCompleteFunctionServiceRoleDefaultPolicy1C0EEADF" classname="checkov.cloudformation.checks.resource.aws.IAMWriteAccess" file="/CloudhsmBaseStack.template.json">
			<failure type="failure" message="Resource AWS::IAM::Policy.bootstrapCompleteFunctionServiceRoleDefaultPolicy1C0EEADF failed in check CKV_AWS_111/Ensure IAM policies does not allow write access without constraints - /CloudhsmBaseStack.template.json:[6233, 6259]"/>
		</testcase>
	</testsuite>
	<testsuite disabled="0" errors="0" failures="0" name="CKV_AWS_107/Ensure IAM policies does not allow credentials exposure" skipped="0" tests="57" time="0" package="checkov.cloudformation.checks.resource.aws.IAMCredentialsExposure">
		<testcase name="None CKV_AWS_107/Ensure IAM policies does not allow credentials exposure AWS::IAM::Role.ec2adminroleA460CCA5" classname="checkov.cloudformation.checks.resource.aws.IAMCredentialsExposure" file="/CloudhsmBaseStack.template.json"/>
		<testcase name="None CKV_AWS_107/Ensure IAM policies does not allow credentials exposure AWS::IAM::Policy.ec2adminroleDefaultPolicy4499CC9A" classname="checkov.cloudformation.checks.resource.aws.IAMCredentialsExposure" file="/CloudhsmBaseStack.template.json"/>
		<testcase name="None CKV_AWS_107/Ensure IAM policies does not allow credentials exposure AWS::IAM::Role.ec2clientroleE023E9AF" classname="checkov.cloudformation.checks.resource.aws.IAMCredentialsExposure" file="/CloudhsmBaseStack.template.json"/>
		<testcase name="None CKV_AWS_107/Ensure IAM policies does not allow credentials exposure AWS::IAM::Policy.ec2clientroleDefaultPolicyEF975D0B" classname="checkov.cloudformation.checks.resource.aws.IAMCredentialsExposure" file="/CloudhsmBaseStack.template.json"/>
		<testcase name="None CKV_AWS_107/Ensure IAM policies does not allow credentials exposure AWS::IAM::Role.cloudHSMProviderServiceRole7CAEB7A1" classname="checkov.cloudformation.checks.resource.aws.IAMCredentialsExposure" file="/CloudhsmBaseStack.template.json"/>
		<testcase name="None CKV_AWS_107/Ensure IAM policies does not allow credentials exposure AWS::IAM::Policy.cloudHSMProviderServiceRoleDefaultPolicy01676690" classname="checkov.cloudformation.checks.resource.aws.IAMCredentialsExposure" file="/CloudhsmBaseStack.template.json"/>
		<testcase name="None CKV_AWS_107/Ensure IAM policies does not allow credentials exposure AWS::IAM::Role.cloudHSMProviderIsCompleteServiceRoleCE32519C" classname="checkov.cloudformation.checks.resource.aws.IAMCredentialsExposure" file="/CloudhsmBaseStack.template.json"/>
		<testcase name="None CKV_AWS_107/Ensure IAM policies does not allow credentials exposure AWS::IAM::Policy.cloudHSMProviderIsCompleteServiceRoleDefaultPolicyB807042B" classname="checkov.cloudformation.checks.resource.aws.IAMCredentialsExposure" file="/CloudhsmBaseStack.template.json"/>
		<testcase name="None CKV_AWS_107/Ensure IAM policies does not allow credentials exposure AWS::IAM::Role.CloudHSMClusterProviderframeworkonEventServiceRole7848F903" classname="checkov.cloudformation.checks.resource.aws.IAMCredentialsExposure" file="/CloudhsmBaseStack.template.json"/>
		<testcase name="None CKV_AWS_107/Ensure IAM policies does not allow credentials exposure AWS::IAM::Role.CloudHSMClusterProviderframeworkisCompleteServiceRoleD619339B" classname="checkov.cloudformation.checks.resource.aws.IAMCredentialsExposure" file="/CloudhsmBaseStack.template.json"/>
		<testcase name="None CKV_AWS_107/Ensure IAM policies does not allow credentials exposure AWS::IAM::Role.CloudHSMClusterProviderframeworkonTimeoutServiceRole937BC387" classname="checkov.cloudformation.checks.resource.aws.IAMCredentialsExposure" file="/CloudhsmBaseStack.template.json"/>
		<testcase name="None CKV_AWS_107/Ensure IAM policies does not allow credentials exposure AWS::IAM::Role.CloudHSMClusterProviderwaiterstatemachineRoleD9FA70D4" classname="checkov.cloudformation.checks.resource.aws.IAMCredentialsExposure" file="/CloudhsmBaseStack.template.json"/>
		<testcase name="None CKV_AWS_107/Ensure IAM policies does not allow credentials exposure AWS::IAM::Role.cloudHSM1ProviderServiceRole5097D5B0" classname="checkov.cloudformation.checks.resource.aws.IAMCredentialsExposure" file="/CloudhsmBaseStack.template.json"/>
		<testcase name="None CKV_AWS_107/Ensure IAM policies does not allow credentials exposure AWS::IAM::Policy.cloudHSM1ProviderServiceRoleDefaultPolicyF96AD4A5" classname="checkov.cloudformation.checks.resource.aws.IAMCredentialsExposure" file="/CloudhsmBaseStack.template.json"/>
		<testcase name="None CKV_AWS_107/Ensure IAM policies does not allow credentials exposure AWS::IAM::Role.cloudHSM1ProviderIsCompleteServiceRole63850238" classname="checkov.cloudformation.checks.resource.aws.IAMCredentialsExposure" file="/CloudhsmBaseStack.template.json"/>
		<testcase name="None CKV_AWS_107/Ensure IAM policies does not allow credentials exposure AWS::IAM::Policy.cloudHSM1ProviderIsCompleteServiceRoleDefaultPolicyCEB255AB" classname="checkov.cloudformation.checks.resource.aws.IAMCredentialsExposure" file="/CloudhsmBaseStack.template.json"/>
		<testcase name="None CKV_AWS_107/Ensure IAM policies does not allow credentials exposure AWS::IAM::Role.CloudHSM1ProviderframeworkonEventServiceRole6E6516FF" classname="checkov.cloudformation.checks.resource.aws.IAMCredentialsExposure" file="/CloudhsmBaseStack.template.json"/>
		<testcase name="None CKV_AWS_107/Ensure IAM policies does not allow credentials exposure AWS::IAM::Role.CloudHSM1ProviderframeworkisCompleteServiceRole1C14C0C6" classname="checkov.cloudformation.checks.resource.aws.IAMCredentialsExposure" file="/CloudhsmBaseStack.template.json"/>
		<testcase name="None CKV_AWS_107/Ensure IAM policies does not allow credentials exposure AWS::IAM::Role.CloudHSM1ProviderframeworkonTimeoutServiceRole7DAA061C" classname="checkov.cloudformation.checks.resource.aws.IAMCredentialsExposure" file="/CloudhsmBaseStack.template.json"/>
		<testcase name="None CKV_AWS_107/Ensure IAM policies does not allow credentials exposure AWS::IAM::Role.CloudHSM1ProviderwaiterstatemachineRoleFBA3B042" classname="checkov.cloudformation.checks.resource.aws.IAMCredentialsExposure" file="/CloudhsmBaseStack.template.json"/>
		<testcase name="None CKV_AWS_107/Ensure IAM policies does not allow credentials exposure AWS::IAM::Role.initializeClusterServiceRole0164ADE0" classname="checkov.cloudformation.checks.resource.aws.IAMCredentialsExposure" file="/CloudhsmBaseStack.template.json"/>
		<testcase name="None CKV_AWS_107/Ensure IAM policies does not allow credentials exposure AWS::IAM::Role.initializeClusterIsCompleteFunctionServiceRole983C5337" classname="checkov.cloudformation.checks.resource.aws.IAMCredentialsExposure" file="/CloudhsmBaseStack.template.json"/>
		<testcase name="None CKV_AWS_107/Ensure IAM policies does not allow credentials exposure AWS::IAM::Role.generateKeysProviderframeworkonEventServiceRoleC7CB2594" classname="checkov.cloudformation.checks.resource.aws.IAMCredentialsExposure" file="/CloudhsmBaseStack.template.json"/>
		<testcase name="None CKV_AWS_107/Ensure IAM policies does not allow credentials exposure AWS::IAM::Role.generateKeysProviderframeworkisCompleteServiceRoleCB27A285" classname="checkov.cloudformation.checks.resource.aws.IAMCredentialsExposure" file="/CloudhsmBaseStack.template.json"/>
		<testcase name="None CKV_AWS_107/Ensure IAM policies does not allow credentials exposure AWS::IAM::Role.generateKeysProviderframeworkonTimeoutServiceRole929341A4" classname="checkov.cloudformation.checks.resource.aws.IAMCredentialsExposure" file="/CloudhsmBaseStack.template.json"/>
		<testcase name="None CKV_AWS_107/Ensure IAM policies does not allow credentials exposure AWS::IAM::Role.generateKeysProviderwaiterstatemachineRoleF72688EB" classname="checkov.cloudformation.checks.resource.aws.IAMCredentialsExposure" file="/CloudhsmBaseStack.template.json"/>
		<testcase name="None CKV_AWS_107/Ensure IAM policies does not allow credentials exposure AWS::IAM::Role.activateClusterFunctionServiceRole69557F9B" classname="checkov.cloudformation.checks.resource.aws.IAMCredentialsExposure" file="/CloudhsmBaseStack.template.json"/>
		<testcase name="None CKV_AWS_107/Ensure IAM policies does not allow credentials exposure AWS::IAM::Policy.activateClusterFunctionServiceRoleDefaultPolicyA5C8D157" classname="checkov.cloudformation.checks.resource.aws.IAMCredentialsExposure" file="/CloudhsmBaseStack.template.json"/>
		<testcase name="None CKV_AWS_107/Ensure IAM policies does not allow credentials exposure AWS::IAM::Role.activateClusterCompleteFunctionServiceRole11AAD019" classname="checkov.cloudformation.checks.resource.aws.IAMCredentialsExposure" file="/CloudhsmBaseStack.template.json"/>
		<testcase name="None CKV_AWS_107/Ensure IAM policies does not allow credentials exposure AWS::IAM::Policy.activateClusterCompleteFunctionServiceRoleDefaultPolicy50835726" classname="checkov.cloudformation.checks.resource.aws.IAMCredentialsExposure" file="/CloudhsmBaseStack.template.json"/>
		<testcase name="None CKV_AWS_107/Ensure IAM policies does not allow credentials exposure AWS::IAM::Role.activateClusterProviderframeworkonEventServiceRoleE8E1FFC8" classname="checkov.cloudformation.checks.resource.aws.IAMCredentialsExposure" file="/CloudhsmBaseStack.template.json"/>
		<testcase name="None CKV_AWS_107/Ensure IAM policies does not allow credentials exposure AWS::IAM::Role.activateClusterProviderframeworkisCompleteServiceRoleD5CFE6A4" classname="checkov.cloudformation.checks.resource.aws.IAMCredentialsExposure" file="/CloudhsmBaseStack.template.json"/>
		<testcase name="None CKV_AWS_107/Ensure IAM policies does not allow credentials exposure AWS::IAM::Role.activateClusterProviderframeworkonTimeoutServiceRoleE6E5582F" classname="checkov.cloudformation.checks.resource.aws.IAMCredentialsExposure" file="/CloudhsmBaseStack.template.json"/>
		<testcase name="None CKV_AWS_107/Ensure IAM policies does not allow credentials exposure AWS::IAM::Role.activateClusterProviderwaiterstatemachineRole22FB6F51" classname="checkov.cloudformation.checks.resource.aws.IAMCredentialsExposure" file="/CloudhsmBaseStack.template.json"/>
		<testcase name="None CKV_AWS_107/Ensure IAM policies does not allow credentials exposure AWS::IAM::Role.cloudHSMReadyProviderServiceRoleA85A583A" classname="checkov.cloudformation.checks.resource.aws.IAMCredentialsExposure" file="/CloudhsmBaseStack.template.json"/>
		<testcase name="None CKV_AWS_107/Ensure IAM policies does not allow credentials exposure AWS::IAM::Role.cloudHSMReadyIsCompleteProviderServiceRole1FB38318" classname="checkov.cloudformation.checks.resource.aws.IAMCredentialsExposure" file="/CloudhsmBaseStack.template.json"/>
		<testcase name="None CKV_AWS_107/Ensure IAM policies does not allow credentials exposure AWS::IAM::Role.cloudHsmReadyProviderframeworkonEventServiceRole1836B3C1" classname="checkov.cloudformation.checks.resource.aws.IAMCredentialsExposure" file="/CloudhsmBaseStack.template.json"/>
		<testcase name="None CKV_AWS_107/Ensure IAM policies does not allow credentials exposure AWS::IAM::Role.cloudHsmReadyProviderframeworkisCompleteServiceRole65E91978" classname="checkov.cloudformation.checks.resource.aws.IAMCredentialsExposure" file="/CloudhsmBaseStack.template.json"/>
		<testcase name="None CKV_AWS_107/Ensure IAM policies does not allow credentials exposure AWS::IAM::Role.cloudHsmReadyProviderframeworkonTimeoutServiceRole48AF6CF9" classname="checkov.cloudformation.checks.resource.aws.IAMCredentialsExposure" file="/CloudhsmBaseStack.template.json"/>
		<testcase name="None CKV_AWS_107/Ensure IAM policies does not allow credentials exposure AWS::IAM::Role.cloudHsmReadyProviderwaiterstatemachineRole0917493B" classname="checkov.cloudformation.checks.resource.aws.IAMCredentialsExposure" file="/CloudhsmBaseStack.template.json"/>
		<testcase name="None CKV_AWS_107/Ensure IAM policies does not allow credentials exposure AWS::IAM::Role.CloudHSM2ProviderframeworkonEventServiceRoleCF066081" classname="checkov.cloudformation.checks.resource.aws.IAMCredentialsExposure" file="/CloudhsmBaseStack.template.json"/>
		<testcase name="None CKV_AWS_107/Ensure IAM policies does not allow credentials exposure AWS::IAM::Role.CloudHSM2ProviderframeworkisCompleteServiceRole47BFE2D1" classname="checkov.cloudformation.checks.resource.aws.IAMCredentialsExposure" file="/CloudhsmBaseStack.template.json"/>
		<testcase name="None CKV_AWS_107/Ensure IAM policies does not allow credentials exposure AWS::IAM::Role.CloudHSM2ProviderframeworkonTimeoutServiceRoleA40C4245" classname="checkov.cloudformation.checks.resource.aws.IAMCredentialsExposure" file="/CloudhsmBaseStack.template.json"/>
		<testcase name="None CKV_AWS_107/Ensure IAM policies does not allow credentials exposure AWS::IAM::Role.CloudHSM2ProviderwaiterstatemachineRole5A9685A0" classname="checkov.cloudformation.checks.resource.aws.IAMCredentialsExposure" file="/CloudhsmBaseStack.template.json"/>
		<testcase name="None CKV_AWS_107/Ensure IAM policies does not allow credentials exposure AWS::IAM::Role.bootstrapFunctionServiceRole1AA9C3D6" classname="checkov.cloudformation.checks.resource.aws.IAMCredentialsExposure" file="/CloudhsmBaseStack.template.json"/>
		<testcase name="None CKV_AWS_107/Ensure IAM policies does not allow credentials exposure AWS::IAM::Policy.bootstrapFunctionServiceRoleDefaultPolicy606D0E07" classname="checkov.cloudformation.checks.resource.aws.IAMCredentialsExposure" file="/CloudhsmBaseStack.template.json"/>
		<testcase name="None CKV_AWS_107/Ensure IAM policies does not allow credentials exposure AWS::IAM::Role.bootstrapCompleteFunctionServiceRoleAAE63BCF" classname="checkov.cloudformation.checks.resource.aws.IAMCredentialsExposure" file="/CloudhsmBaseStack.template.json"/>
		<testcase name="None CKV_AWS_107/Ensure IAM policies does not allow credentials exposure AWS::IAM::Policy.bootstrapCompleteFunctionServiceRoleDefaultPolicy1C0EEADF" classname="checkov.cloudformation.checks.resource.aws.IAMCredentialsExposure" file="/CloudhsmBaseStack.template.json"/>
		<testcase name="None CKV_AWS_107/Ensure IAM policies does not allow credentials exposure AWS::IAM::Role.bootstrapInstanceProviderframeworkonEventServiceRoleCA704F0B" classname="checkov.cloudformation.checks.resource.aws.IAMCredentialsExposure" file="/CloudhsmBaseStack.template.json"/>
		<testcase name="None CKV_AWS_107/Ensure IAM policies does not allow credentials exposure AWS::IAM::Role.bootstrapInstanceProviderframeworkisCompleteServiceRoleF9E32C1A" classname="checkov.cloudformation.checks.resource.aws.IAMCredentialsExposure" file="/CloudhsmBaseStack.template.json"/>
		<testcase name="None CKV_AWS_107/Ensure IAM policies does not allow credentials exposure AWS::IAM::Role.bootstrapInstanceProviderframeworkonTimeoutServiceRole80D6C344" classname="checkov.cloudformation.checks.resource.aws.IAMCredentialsExposure" file="/CloudhsmBaseStack.template.json"/>
		<testcase name="None CKV_AWS_107/Ensure IAM policies does not allow credentials exposure AWS::IAM::Role.bootstrapInstanceProviderwaiterstatemachineRole0E37C522" classname="checkov.cloudformation.checks.resource.aws.IAMCredentialsExposure" file="/CloudhsmBaseStack.template.json"/>
		<testcase name="None CKV_AWS_107/Ensure IAM policies does not allow credentials exposure AWS::IAM::Role.ecsServiceRoleCheckServiceRole27D9A297" classname="checkov.cloudformation.checks.resource.aws.IAMCredentialsExposure" file="/CloudhsmBaseStack.template.json"/>
		<testcase name="None CKV_AWS_107/Ensure IAM policies does not allow credentials exposure AWS::IAM::Policy.ecsServiceRoleCheckServiceRoleDefaultPolicyBDF70034" classname="checkov.cloudformation.checks.resource.aws.IAMCredentialsExposure" file="/CloudhsmBaseStack.template.json"/>
		<testcase name="None CKV_AWS_107/Ensure IAM policies does not allow credentials exposure AWS::IAM::Role.ecsServiceRoleProviderframeworkonEventServiceRoleBCFF1C66" classname="checkov.cloudformation.checks.resource.aws.IAMCredentialsExposure" file="/CloudhsmBaseStack.template.json"/>
		<testcase name="None CKV_AWS_107/Ensure IAM policies does not allow credentials exposure AWS::IAM::Role.taskRole4695B131" classname="checkov.cloudformation.checks.resource.aws.IAMCredentialsExposure" file="/CloudhsmBaseStack.template.json"/>
		<testcase name="None CKV_AWS_107/Ensure IAM policies does not allow credentials exposure AWS::IAM::Role.taskDefinitionExecutionRoleA4C0BDBC" classname="checkov.cloudformation.checks.resource.aws.IAMCredentialsExposure" file="/CloudhsmBaseStack.template.json"/>
	</testsuite>
	<testsuite disabled="0" errors="0" failures="0" name="CKV_AWS_61/Ensure IAM role allows only specific principals in account to assume it" skipped="0" tests="46" time="0" package="checkov.cloudformation.checks.resource.aws.IAMRoleAllowAssumeFromAccount">
		<testcase name="None CKV_AWS_61/Ensure IAM role allows only specific principals in account to assume it AWS::IAM::Role.ec2adminroleA460CCA5" classname="checkov.cloudformation.checks.resource.aws.IAMRoleAllowAssumeFromAccount" file="/CloudhsmBaseStack.template.json"/>
		<testcase name="None CKV_AWS_61/Ensure IAM role allows only specific principals in account to assume it AWS::IAM::Role.ec2clientroleE023E9AF" classname="checkov.cloudformation.checks.resource.aws.IAMRoleAllowAssumeFromAccount" file="/CloudhsmBaseStack.template.json"/>
		<testcase name="None CKV_AWS_61/Ensure IAM role allows only specific principals in account to assume it AWS::IAM::Role.cloudHSMProviderServiceRole7CAEB7A1" classname="checkov.cloudformation.checks.resource.aws.IAMRoleAllowAssumeFromAccount" file="/CloudhsmBaseStack.template.json"/>
		<testcase name="None CKV_AWS_61/Ensure IAM role allows only specific principals in account to assume it AWS::IAM::Role.cloudHSMProviderIsCompleteServiceRoleCE32519C" classname="checkov.cloudformation.checks.resource.aws.IAMRoleAllowAssumeFromAccount" file="/CloudhsmBaseStack.template.json"/>
		<testcase name="None CKV_AWS_61/Ensure IAM role allows only specific principals in account to assume it AWS::IAM::Role.CloudHSMClusterProviderframeworkonEventServiceRole7848F903" classname="checkov.cloudformation.checks.resource.aws.IAMRoleAllowAssumeFromAccount" file="/CloudhsmBaseStack.template.json"/>
		<testcase name="None CKV_AWS_61/Ensure IAM role allows only specific principals in account to assume it AWS::IAM::Role.CloudHSMClusterProviderframeworkisCompleteServiceRoleD619339B" classname="checkov.cloudformation.checks.resource.aws.IAMRoleAllowAssumeFromAccount" file="/CloudhsmBaseStack.template.json"/>
		<testcase name="None CKV_AWS_61/Ensure IAM role allows only specific principals in account to assume it AWS::IAM::Role.CloudHSMClusterProviderframeworkonTimeoutServiceRole937BC387" classname="checkov.cloudformation.checks.resource.aws.IAMRoleAllowAssumeFromAccount" file="/CloudhsmBaseStack.template.json"/>
		<testcase name="None CKV_AWS_61/Ensure IAM role allows only specific principals in account to assume it AWS::IAM::Role.CloudHSMClusterProviderwaiterstatemachineRoleD9FA70D4" classname="checkov.cloudformation.checks.resource.aws.IAMRoleAllowAssumeFromAccount" file="/CloudhsmBaseStack.template.json"/>
		<testcase name="None CKV_AWS_61/Ensure IAM role allows only specific principals in account to assume it AWS::IAM::Role.cloudHSM1ProviderServiceRole5097D5B0" classname="checkov.cloudformation.checks.resource.aws.IAMRoleAllowAssumeFromAccount" file="/CloudhsmBaseStack.template.json"/>
		<testcase name="None CKV_AWS_61/Ensure IAM role allows only specific principals in account to assume it AWS::IAM::Role.cloudHSM1ProviderIsCompleteServiceRole63850238" classname="checkov.cloudformation.checks.resource.aws.IAMRoleAllowAssumeFromAccount" file="/CloudhsmBaseStack.template.json"/>
		<testcase name="None CKV_AWS_61/Ensure IAM role allows only specific principals in account to assume it AWS::IAM::Role.CloudHSM1ProviderframeworkonEventServiceRole6E6516FF" classname="checkov.cloudformation.checks.resource.aws.IAMRoleAllowAssumeFromAccount" file="/CloudhsmBaseStack.template.json"/>
		<testcase name="None CKV_AWS_61/Ensure IAM role allows only specific principals in account to assume it AWS::IAM::Role.CloudHSM1ProviderframeworkisCompleteServiceRole1C14C0C6" classname="checkov.cloudformation.checks.resource.aws.IAMRoleAllowAssumeFromAccount" file="/CloudhsmBaseStack.template.json"/>
		<testcase name="None CKV_AWS_61/Ensure IAM role allows only specific principals in account to assume it AWS::IAM::Role.CloudHSM1ProviderframeworkonTimeoutServiceRole7DAA061C" classname="checkov.cloudformation.checks.resource.aws.IAMRoleAllowAssumeFromAccount" file="/CloudhsmBaseStack.template.json"/>
		<testcase name="None CKV_AWS_61/Ensure IAM role allows only specific principals in account to assume it AWS::IAM::Role.CloudHSM1ProviderwaiterstatemachineRoleFBA3B042" classname="checkov.cloudformation.checks.resource.aws.IAMRoleAllowAssumeFromAccount" file="/CloudhsmBaseStack.template.json"/>
		<testcase name="None CKV_AWS_61/Ensure IAM role allows only specific principals in account to assume it AWS::IAM::Role.initializeClusterServiceRole0164ADE0" classname="checkov.cloudformation.checks.resource.aws.IAMRoleAllowAssumeFromAccount" file="/CloudhsmBaseStack.template.json"/>
		<testcase name="None CKV_AWS_61/Ensure IAM role allows only specific principals in account to assume it AWS::IAM::Role.initializeClusterIsCompleteFunctionServiceRole983C5337" classname="checkov.cloudformation.checks.resource.aws.IAMRoleAllowAssumeFromAccount" file="/CloudhsmBaseStack.template.json"/>
		<testcase name="None CKV_AWS_61/Ensure IAM role allows only specific principals in account to assume it AWS::IAM::Role.generateKeysProviderframeworkonEventServiceRoleC7CB2594" classname="checkov.cloudformation.checks.resource.aws.IAMRoleAllowAssumeFromAccount" file="/CloudhsmBaseStack.template.json"/>
		<testcase name="None CKV_AWS_61/Ensure IAM role allows only specific principals in account to assume it AWS::IAM::Role.generateKeysProviderframeworkisCompleteServiceRoleCB27A285" classname="checkov.cloudformation.checks.resource.aws.IAMRoleAllowAssumeFromAccount" file="/CloudhsmBaseStack.template.json"/>
		<testcase name="None CKV_AWS_61/Ensure IAM role allows only specific principals in account to assume it AWS::IAM::Role.generateKeysProviderframeworkonTimeoutServiceRole929341A4" classname="checkov.cloudformation.checks.resource.aws.IAMRoleAllowAssumeFromAccount" file="/CloudhsmBaseStack.template.json"/>
		<testcase name="None CKV_AWS_61/Ensure IAM role allows only specific principals in account to assume it AWS::IAM::Role.generateKeysProviderwaiterstatemachineRoleF72688EB" classname="checkov.cloudformation.checks.resource.aws.IAMRoleAllowAssumeFromAccount" file="/CloudhsmBaseStack.template.json"/>
		<testcase name="None CKV_AWS_61/Ensure IAM role allows only specific principals in account to assume it AWS::IAM::Role.activateClusterFunctionServiceRole69557F9B" classname="checkov.cloudformation.checks.resource.aws.IAMRoleAllowAssumeFromAccount" file="/CloudhsmBaseStack.template.json"/>
		<testcase name="None CKV_AWS_61/Ensure IAM role allows only specific principals in account to assume it AWS::IAM::Role.activateClusterCompleteFunctionServiceRole11AAD019" classname="checkov.cloudformation.checks.resource.aws.IAMRoleAllowAssumeFromAccount" file="/CloudhsmBaseStack.template.json"/>
		<testcase name="None CKV_AWS_61/Ensure IAM role allows only specific principals in account to assume it AWS::IAM::Role.activateClusterProviderframeworkonEventServiceRoleE8E1FFC8" classname="checkov.cloudformation.checks.resource.aws.IAMRoleAllowAssumeFromAccount" file="/CloudhsmBaseStack.template.json"/>
		<testcase name="None CKV_AWS_61/Ensure IAM role allows only specific principals in account to assume it AWS::IAM::Role.activateClusterProviderframeworkisCompleteServiceRoleD5CFE6A4" classname="checkov.cloudformation.checks.resource.aws.IAMRoleAllowAssumeFromAccount" file="/CloudhsmBaseStack.template.json"/>
		<testcase name="None CKV_AWS_61/Ensure IAM role allows only specific principals in account to assume it AWS::IAM::Role.activateClusterProviderframeworkonTimeoutServiceRoleE6E5582F" classname="checkov.cloudformation.checks.resource.aws.IAMRoleAllowAssumeFromAccount" file="/CloudhsmBaseStack.template.json"/>
		<testcase name="None CKV_AWS_61/Ensure IAM role allows only specific principals in account to assume it AWS::IAM::Role.activateClusterProviderwaiterstatemachineRole22FB6F51" classname="checkov.cloudformation.checks.resource.aws.IAMRoleAllowAssumeFromAccount" file="/CloudhsmBaseStack.template.json"/>
		<testcase name="None CKV_AWS_61/Ensure IAM role allows only specific principals in account to assume it AWS::IAM::Role.cloudHSMReadyProviderServiceRoleA85A583A" classname="checkov.cloudformation.checks.resource.aws.IAMRoleAllowAssumeFromAccount" file="/CloudhsmBaseStack.template.json"/>
		<testcase name="None CKV_AWS_61/Ensure IAM role allows only specific principals in account to assume it AWS::IAM::Role.cloudHSMReadyIsCompleteProviderServiceRole1FB38318" classname="checkov.cloudformation.checks.resource.aws.IAMRoleAllowAssumeFromAccount" file="/CloudhsmBaseStack.template.json"/>
		<testcase name="None CKV_AWS_61/Ensure IAM role allows only specific principals in account to assume it AWS::IAM::Role.cloudHsmReadyProviderframeworkonEventServiceRole1836B3C1" classname="checkov.cloudformation.checks.resource.aws.IAMRoleAllowAssumeFromAccount" file="/CloudhsmBaseStack.template.json"/>
		<testcase name="None CKV_AWS_61/Ensure IAM role allows only specific principals in account to assume it AWS::IAM::Role.cloudHsmReadyProviderframeworkisCompleteServiceRole65E91978" classname="checkov.cloudformation.checks.resource.aws.IAMRoleAllowAssumeFromAccount" file="/CloudhsmBaseStack.template.json"/>
		<testcase name="None CKV_AWS_61/Ensure IAM role allows only specific principals in account to assume it AWS::IAM::Role.cloudHsmReadyProviderframeworkonTimeoutServiceRole48AF6CF9" classname="checkov.cloudformation.checks.resource.aws.IAMRoleAllowAssumeFromAccount" file="/CloudhsmBaseStack.template.json"/>
		<testcase name="None CKV_AWS_61/Ensure IAM role allows only specific principals in account to assume it AWS::IAM::Role.cloudHsmReadyProviderwaiterstatemachineRole0917493B" classname="checkov.cloudformation.checks.resource.aws.IAMRoleAllowAssumeFromAccount" file="/CloudhsmBaseStack.template.json"/>
		<testcase name="None CKV_AWS_61/Ensure IAM role allows only specific principals in account to assume it AWS::IAM::Role.CloudHSM2ProviderframeworkonEventServiceRoleCF066081" classname="checkov.cloudformation.checks.resource.aws.IAMRoleAllowAssumeFromAccount" file="/CloudhsmBaseStack.template.json"/>
		<testcase name="None CKV_AWS_61/Ensure IAM role allows only specific principals in account to assume it AWS::IAM::Role.CloudHSM2ProviderframeworkisCompleteServiceRole47BFE2D1" classname="checkov.cloudformation.checks.resource.aws.IAMRoleAllowAssumeFromAccount" file="/CloudhsmBaseStack.template.json"/>
		<testcase name="None CKV_AWS_61/Ensure IAM role allows only specific principals in account to assume it AWS::IAM::Role.CloudHSM2ProviderframeworkonTimeoutServiceRoleA40C4245" classname="checkov.cloudformation.checks.resource.aws.IAMRoleAllowAssumeFromAccount" file="/CloudhsmBaseStack.template.json"/>
		<testcase name="None CKV_AWS_61/Ensure IAM role allows only specific principals in account to assume it AWS::IAM::Role.CloudHSM2ProviderwaiterstatemachineRole5A9685A0" classname="checkov.cloudformation.checks.resource.aws.IAMRoleAllowAssumeFromAccount" file="/CloudhsmBaseStack.template.json"/>
		<testcase name="None CKV_AWS_61/Ensure IAM role allows only specific principals in account to assume it AWS::IAM::Role.bootstrapFunctionServiceRole1AA9C3D6" classname="checkov.cloudformation.checks.resource.aws.IAMRoleAllowAssumeFromAccount" file="/CloudhsmBaseStack.template.json"/>
		<testcase name="None CKV_AWS_61/Ensure IAM role allows only specific principals in account to assume it AWS::IAM::Role.bootstrapCompleteFunctionServiceRoleAAE63BCF" classname="checkov.cloudformation.checks.resource.aws.IAMRoleAllowAssumeFromAccount" file="/CloudhsmBaseStack.template.json"/>
		<testcase name="None CKV_AWS_61/Ensure IAM role allows only specific principals in account to assume it AWS::IAM::Role.bootstrapInstanceProviderframeworkonEventServiceRoleCA704F0B" classname="checkov.cloudformation.checks.resource.aws.IAMRoleAllowAssumeFromAccount" file="/CloudhsmBaseStack.template.json"/>
		<testcase name="None CKV_AWS_61/Ensure IAM role allows only specific principals in account to assume it AWS::IAM::Role.bootstrapInstanceProviderframeworkisCompleteServiceRoleF9E32C1A" classname="checkov.cloudformation.checks.resource.aws.IAMRoleAllowAssumeFromAccount" file="/CloudhsmBaseStack.template.json"/>
		<testcase name="None CKV_AWS_61/Ensure IAM role allows only specific principals in account to assume it AWS::IAM::Role.bootstrapInstanceProviderframeworkonTimeoutServiceRole80D6C344" classname="checkov.cloudformation.checks.resource.aws.IAMRoleAllowAssumeFromAccount" file="/CloudhsmBaseStack.template.json"/>
		<testcase name="None CKV_AWS_61/Ensure IAM role allows only specific principals in account to assume it AWS::IAM::Role.bootstrapInstanceProviderwaiterstatemachineRole0E37C522" classname="checkov.cloudformation.checks.resource.aws.IAMRoleAllowAssumeFromAccount" file="/CloudhsmBaseStack.template.json"/>
		<testcase name="None CKV_AWS_61/Ensure IAM role allows only specific principals in account to assume it AWS::IAM::Role.ecsServiceRoleCheckServiceRole27D9A297" classname="checkov.cloudformation.checks.resource.aws.IAMRoleAllowAssumeFromAccount" file="/CloudhsmBaseStack.template.json"/>
		<testcase name="None CKV_AWS_61/Ensure IAM role allows only specific principals in account to assume it AWS::IAM::Role.ecsServiceRoleProviderframeworkonEventServiceRoleBCFF1C66" classname="checkov.cloudformation.checks.resource.aws.IAMRoleAllowAssumeFromAccount" file="/CloudhsmBaseStack.template.json"/>
		<testcase name="None CKV_AWS_61/Ensure IAM role allows only specific principals in account to assume it AWS::IAM::Role.taskRole4695B131" classname="checkov.cloudformation.checks.resource.aws.IAMRoleAllowAssumeFromAccount" file="/CloudhsmBaseStack.template.json"/>
		<testcase name="None CKV_AWS_61/Ensure IAM role allows only specific principals in account to assume it AWS::IAM::Role.taskDefinitionExecutionRoleA4C0BDBC" classname="checkov.cloudformation.checks.resource.aws.IAMRoleAllowAssumeFromAccount" file="/CloudhsmBaseStack.template.json"/>
	</testsuite>
	<testsuite disabled="0" errors="0" failures="1" name="CKV_AWS_109/Ensure IAM policies does not allow permissions management without constraints" skipped="0" tests="57" time="0" package="checkov.cloudformation.checks.resource.aws.IAMPermissionsManagement">
		<testcase name="None CKV_AWS_109/Ensure IAM policies does not allow permissions management without constraints AWS::IAM::Role.ec2adminroleA460CCA5" classname="checkov.cloudformation.checks.resource.aws.IAMPermissionsManagement" file="/CloudhsmBaseStack.template.json"/>
		<testcase name="None CKV_AWS_109/Ensure IAM policies does not allow permissions management without constraints AWS::IAM::Policy.ec2adminroleDefaultPolicy4499CC9A" classname="checkov.cloudformation.checks.resource.aws.IAMPermissionsManagement" file="/CloudhsmBaseStack.template.json"/>
		<testcase name="None CKV_AWS_109/Ensure IAM policies does not allow permissions management without constraints AWS::IAM::Role.ec2clientroleE023E9AF" classname="checkov.cloudformation.checks.resource.aws.IAMPermissionsManagement" file="/CloudhsmBaseStack.template.json"/>
		<testcase name="None CKV_AWS_109/Ensure IAM policies does not allow permissions management without constraints AWS::IAM::Policy.ec2clientroleDefaultPolicyEF975D0B" classname="checkov.cloudformation.checks.resource.aws.IAMPermissionsManagement" file="/CloudhsmBaseStack.template.json"/>
		<testcase name="None CKV_AWS_109/Ensure IAM policies does not allow permissions management without constraints AWS::IAM::Role.cloudHSMProviderServiceRole7CAEB7A1" classname="checkov.cloudformation.checks.resource.aws.IAMPermissionsManagement" file="/CloudhsmBaseStack.template.json"/>
		<testcase name="None CKV_AWS_109/Ensure IAM policies does not allow permissions management without constraints AWS::IAM::Policy.cloudHSMProviderServiceRoleDefaultPolicy01676690" classname="checkov.cloudformation.checks.resource.aws.IAMPermissionsManagement" file="/CloudhsmBaseStack.template.json"/>
		<testcase name="None CKV_AWS_109/Ensure IAM policies does not allow permissions management without constraints AWS::IAM::Role.cloudHSMProviderIsCompleteServiceRoleCE32519C" classname="checkov.cloudformation.checks.resource.aws.IAMPermissionsManagement" file="/CloudhsmBaseStack.template.json"/>
		<testcase name="None CKV_AWS_109/Ensure IAM policies does not allow permissions management without constraints AWS::IAM::Policy.cloudHSMProviderIsCompleteServiceRoleDefaultPolicyB807042B" classname="checkov.cloudformation.checks.resource.aws.IAMPermissionsManagement" file="/CloudhsmBaseStack.template.json"/>
		<testcase name="None CKV_AWS_109/Ensure IAM policies does not allow permissions management without constraints AWS::IAM::Role.CloudHSMClusterProviderframeworkonEventServiceRole7848F903" classname="checkov.cloudformation.checks.resource.aws.IAMPermissionsManagement" file="/CloudhsmBaseStack.template.json"/>
		<testcase name="None CKV_AWS_109/Ensure IAM policies does not allow permissions management without constraints AWS::IAM::Role.CloudHSMClusterProviderframeworkisCompleteServiceRoleD619339B" classname="checkov.cloudformation.checks.resource.aws.IAMPermissionsManagement" file="/CloudhsmBaseStack.template.json"/>
		<testcase name="None CKV_AWS_109/Ensure IAM policies does not allow permissions management without constraints AWS::IAM::Role.CloudHSMClusterProviderframeworkonTimeoutServiceRole937BC387" classname="checkov.cloudformation.checks.resource.aws.IAMPermissionsManagement" file="/CloudhsmBaseStack.template.json"/>
		<testcase name="None CKV_AWS_109/Ensure IAM policies does not allow permissions management without constraints AWS::IAM::Role.CloudHSMClusterProviderwaiterstatemachineRoleD9FA70D4" classname="checkov.cloudformation.checks.resource.aws.IAMPermissionsManagement" file="/CloudhsmBaseStack.template.json"/>
		<testcase name="None CKV_AWS_109/Ensure IAM policies does not allow permissions management without constraints AWS::IAM::Role.cloudHSM1ProviderServiceRole5097D5B0" classname="checkov.cloudformation.checks.resource.aws.IAMPermissionsManagement" file="/CloudhsmBaseStack.template.json"/>
		<testcase name="None CKV_AWS_109/Ensure IAM policies does not allow permissions management without constraints AWS::IAM::Policy.cloudHSM1ProviderServiceRoleDefaultPolicyF96AD4A5" classname="checkov.cloudformation.checks.resource.aws.IAMPermissionsManagement" file="/CloudhsmBaseStack.template.json"/>
		<testcase name="None CKV_AWS_109/Ensure IAM policies does not allow permissions management without constraints AWS::IAM::Role.cloudHSM1ProviderIsCompleteServiceRole63850238" classname="checkov.cloudformation.checks.resource.aws.IAMPermissionsManagement" file="/CloudhsmBaseStack.template.json"/>
		<testcase name="None CKV_AWS_109/Ensure IAM policies does not allow permissions management without constraints AWS::IAM::Policy.cloudHSM1ProviderIsCompleteServiceRoleDefaultPolicyCEB255AB" classname="checkov.cloudformation.checks.resource.aws.IAMPermissionsManagement" file="/CloudhsmBaseStack.template.json"/>
		<testcase name="None CKV_AWS_109/Ensure IAM policies does not allow permissions management without constraints AWS::IAM::Role.CloudHSM1ProviderframeworkonEventServiceRole6E6516FF" classname="checkov.cloudformation.checks.resource.aws.IAMPermissionsManagement" file="/CloudhsmBaseStack.template.json"/>
		<testcase name="None CKV_AWS_109/Ensure IAM policies does not allow permissions management without constraints AWS::IAM::Role.CloudHSM1ProviderframeworkisCompleteServiceRole1C14C0C6" classname="checkov.cloudformation.checks.resource.aws.IAMPermissionsManagement" file="/CloudhsmBaseStack.template.json"/>
		<testcase name="None CKV_AWS_109/Ensure IAM policies does not allow permissions management without constraints AWS::IAM::Role.CloudHSM1ProviderframeworkonTimeoutServiceRole7DAA061C" classname="checkov.cloudformation.checks.resource.aws.IAMPermissionsManagement" file="/CloudhsmBaseStack.template.json"/>
		<testcase name="None CKV_AWS_109/Ensure IAM policies does not allow permissions management without constraints AWS::IAM::Role.CloudHSM1ProviderwaiterstatemachineRoleFBA3B042" classname="checkov.cloudformation.checks.resource.aws.IAMPermissionsManagement" file="/CloudhsmBaseStack.template.json"/>
		<testcase name="None CKV_AWS_109/Ensure IAM policies does not allow permissions management without constraints AWS::IAM::Role.initializeClusterServiceRole0164ADE0" classname="checkov.cloudformation.checks.resource.aws.IAMPermissionsManagement" file="/CloudhsmBaseStack.template.json"/>
		<testcase name="None CKV_AWS_109/Ensure IAM policies does not allow permissions management without constraints AWS::IAM::Role.initializeClusterIsCompleteFunctionServiceRole983C5337" classname="checkov.cloudformation.checks.resource.aws.IAMPermissionsManagement" file="/CloudhsmBaseStack.template.json"/>
		<testcase name="None CKV_AWS_109/Ensure IAM policies does not allow permissions management without constraints AWS::IAM::Role.generateKeysProviderframeworkonEventServiceRoleC7CB2594" classname="checkov.cloudformation.checks.resource.aws.IAMPermissionsManagement" file="/CloudhsmBaseStack.template.json"/>
		<testcase name="None CKV_AWS_109/Ensure IAM policies does not allow permissions management without constraints AWS::IAM::Role.generateKeysProviderframeworkisCompleteServiceRoleCB27A285" classname="checkov.cloudformation.checks.resource.aws.IAMPermissionsManagement" file="/CloudhsmBaseStack.template.json"/>
		<testcase name="None CKV_AWS_109/Ensure IAM policies does not allow permissions management without constraints AWS::IAM::Role.generateKeysProviderframeworkonTimeoutServiceRole929341A4" classname="checkov.cloudformation.checks.resource.aws.IAMPermissionsManagement" file="/CloudhsmBaseStack.template.json"/>
		<testcase name="None CKV_AWS_109/Ensure IAM policies does not allow permissions management without constraints AWS::IAM::Role.generateKeysProviderwaiterstatemachineRoleF72688EB" classname="checkov.cloudformation.checks.resource.aws.IAMPermissionsManagement" file="/CloudhsmBaseStack.template.json"/>
		<testcase name="None CKV_AWS_109/Ensure IAM policies does not allow permissions management without constraints AWS::IAM::Role.activateClusterFunctionServiceRole69557F9B" classname="checkov.cloudformation.checks.resource.aws.IAMPermissionsManagement" file="/CloudhsmBaseStack.template.json"/>
		<testcase name="None CKV_AWS_109/Ensure IAM policies does not allow permissions management without constraints AWS::IAM::Policy.activateClusterFunctionServiceRoleDefaultPolicyA5C8D157" classname="checkov.cloudformation.checks.resource.aws.IAMPermissionsManagement" file="/CloudhsmBaseStack.template.json"/>
		<testcase name="None CKV_AWS_109/Ensure IAM policies does not allow permissions management without constraints AWS::IAM::Role.activateClusterCompleteFunctionServiceRole11AAD019" classname="checkov.cloudformation.checks.resource.aws.IAMPermissionsManagement" file="/CloudhsmBaseStack.template.json"/>
		<testcase name="None CKV_AWS_109/Ensure IAM policies does not allow permissions management without constraints AWS::IAM::Policy.activateClusterCompleteFunctionServiceRoleDefaultPolicy50835726" classname="checkov.cloudformation.checks.resource.aws.IAMPermissionsManagement" file="/CloudhsmBaseStack.template.json"/>
		<testcase name="None CKV_AWS_109/Ensure IAM policies does not allow permissions management without constraints AWS::IAM::Role.activateClusterProviderframeworkonEventServiceRoleE8E1FFC8" classname="checkov.cloudformation.checks.resource.aws.IAMPermissionsManagement" file="/CloudhsmBaseStack.template.json"/>
		<testcase name="None CKV_AWS_109/Ensure IAM policies does not allow permissions management without constraints AWS::IAM::Role.activateClusterProviderframeworkisCompleteServiceRoleD5CFE6A4" classname="checkov.cloudformation.checks.resource.aws.IAMPermissionsManagement" file="/CloudhsmBaseStack.template.json"/>
		<testcase name="None CKV_AWS_109/Ensure IAM policies does not allow permissions management without constraints AWS::IAM::Role.activateClusterProviderframeworkonTimeoutServiceRoleE6E5582F" classname="checkov.cloudformation.checks.resource.aws.IAMPermissionsManagement" file="/CloudhsmBaseStack.template.json"/>
		<testcase name="None CKV_AWS_109/Ensure IAM policies does not allow permissions management without constraints AWS::IAM::Role.activateClusterProviderwaiterstatemachineRole22FB6F51" classname="checkov.cloudformation.checks.resource.aws.IAMPermissionsManagement" file="/CloudhsmBaseStack.template.json"/>
		<testcase name="None CKV_AWS_109/Ensure IAM policies does not allow permissions management without constraints AWS::IAM::Role.cloudHSMReadyProviderServiceRoleA85A583A" classname="checkov.cloudformation.checks.resource.aws.IAMPermissionsManagement" file="/CloudhsmBaseStack.template.json"/>
		<testcase name="None CKV_AWS_109/Ensure IAM policies does not allow permissions management without constraints AWS::IAM::Role.cloudHSMReadyIsCompleteProviderServiceRole1FB38318" classname="checkov.cloudformation.checks.resource.aws.IAMPermissionsManagement" file="/CloudhsmBaseStack.template.json"/>
		<testcase name="None CKV_AWS_109/Ensure IAM policies does not allow permissions management without constraints AWS::IAM::Role.cloudHsmReadyProviderframeworkonEventServiceRole1836B3C1" classname="checkov.cloudformation.checks.resource.aws.IAMPermissionsManagement" file="/CloudhsmBaseStack.template.json"/>
		<testcase name="None CKV_AWS_109/Ensure IAM policies does not allow permissions management without constraints AWS::IAM::Role.cloudHsmReadyProviderframeworkisCompleteServiceRole65E91978" classname="checkov.cloudformation.checks.resource.aws.IAMPermissionsManagement" file="/CloudhsmBaseStack.template.json"/>
		<testcase name="None CKV_AWS_109/Ensure IAM policies does not allow permissions management without constraints AWS::IAM::Role.cloudHsmReadyProviderframeworkonTimeoutServiceRole48AF6CF9" classname="checkov.cloudformation.checks.resource.aws.IAMPermissionsManagement" file="/CloudhsmBaseStack.template.json"/>
		<testcase name="None CKV_AWS_109/Ensure IAM policies does not allow permissions management without constraints AWS::IAM::Role.cloudHsmReadyProviderwaiterstatemachineRole0917493B" classname="checkov.cloudformation.checks.resource.aws.IAMPermissionsManagement" file="/CloudhsmBaseStack.template.json"/>
		<testcase name="None CKV_AWS_109/Ensure IAM policies does not allow permissions management without constraints AWS::IAM::Role.CloudHSM2ProviderframeworkonEventServiceRoleCF066081" classname="checkov.cloudformation.checks.resource.aws.IAMPermissionsManagement" file="/CloudhsmBaseStack.template.json"/>
		<testcase name="None CKV_AWS_109/Ensure IAM policies does not allow permissions management without constraints AWS::IAM::Role.CloudHSM2ProviderframeworkisCompleteServiceRole47BFE2D1" classname="checkov.cloudformation.checks.resource.aws.IAMPermissionsManagement" file="/CloudhsmBaseStack.template.json"/>
		<testcase name="None CKV_AWS_109/Ensure IAM policies does not allow permissions management without constraints AWS::IAM::Role.CloudHSM2ProviderframeworkonTimeoutServiceRoleA40C4245" classname="checkov.cloudformation.checks.resource.aws.IAMPermissionsManagement" file="/CloudhsmBaseStack.template.json"/>
		<testcase name="None CKV_AWS_109/Ensure IAM policies does not allow permissions management without constraints AWS::IAM::Role.CloudHSM2ProviderwaiterstatemachineRole5A9685A0" classname="checkov.cloudformation.checks.resource.aws.IAMPermissionsManagement" file="/CloudhsmBaseStack.template.json"/>
		<testcase name="None CKV_AWS_109/Ensure IAM policies does not allow permissions management without constraints AWS::IAM::Role.bootstrapFunctionServiceRole1AA9C3D6" classname="checkov.cloudformation.checks.resource.aws.IAMPermissionsManagement" file="/CloudhsmBaseStack.template.json"/>
		<testcase name="None CKV_AWS_109/Ensure IAM policies does not allow permissions management without constraints AWS::IAM::Policy.bootstrapFunctionServiceRoleDefaultPolicy606D0E07" classname="checkov.cloudformation.checks.resource.aws.IAMPermissionsManagement" file="/CloudhsmBaseStack.template.json"/>
		<testcase name="None CKV_AWS_109/Ensure IAM policies does not allow permissions management without constraints AWS::IAM::Role.bootstrapCompleteFunctionServiceRoleAAE63BCF" classname="checkov.cloudformation.checks.resource.aws.IAMPermissionsManagement" file="/CloudhsmBaseStack.template.json"/>
		<testcase name="None CKV_AWS_109/Ensure IAM policies does not allow permissions management without constraints AWS::IAM::Policy.bootstrapCompleteFunctionServiceRoleDefaultPolicy1C0EEADF" classname="checkov.cloudformation.checks.resource.aws.IAMPermissionsManagement" file="/CloudhsmBaseStack.template.json"/>
		<testcase name="None CKV_AWS_109/Ensure IAM policies does not allow permissions management without constraints AWS::IAM::Role.bootstrapInstanceProviderframeworkonEventServiceRoleCA704F0B" classname="checkov.cloudformation.checks.resource.aws.IAMPermissionsManagement" file="/CloudhsmBaseStack.template.json"/>
		<testcase name="None CKV_AWS_109/Ensure IAM policies does not allow permissions management without constraints AWS::IAM::Role.bootstrapInstanceProviderframeworkisCompleteServiceRoleF9E32C1A" classname="checkov.cloudformation.checks.resource.aws.IAMPermissionsManagement" file="/CloudhsmBaseStack.template.json"/>
		<testcase name="None CKV_AWS_109/Ensure IAM policies does not allow permissions management without constraints AWS::IAM::Role.bootstrapInstanceProviderframeworkonTimeoutServiceRole80D6C344" classname="checkov.cloudformation.checks.resource.aws.IAMPermissionsManagement" file="/CloudhsmBaseStack.template.json"/>
		<testcase name="None CKV_AWS_109/Ensure IAM policies does not allow permissions management without constraints AWS::IAM::Role.bootstrapInstanceProviderwaiterstatemachineRole0E37C522" classname="checkov.cloudformation.checks.resource.aws.IAMPermissionsManagement" file="/CloudhsmBaseStack.template.json"/>
		<testcase name="None CKV_AWS_109/Ensure IAM policies does not allow permissions management without constraints AWS::IAM::Role.ecsServiceRoleCheckServiceRole27D9A297" classname="checkov.cloudformation.checks.resource.aws.IAMPermissionsManagement" file="/CloudhsmBaseStack.template.json"/>
		<testcase name="None CKV_AWS_109/Ensure IAM policies does not allow permissions management without constraints AWS::IAM::Role.ecsServiceRoleProviderframeworkonEventServiceRoleBCFF1C66" classname="checkov.cloudformation.checks.resource.aws.IAMPermissionsManagement" file="/CloudhsmBaseStack.template.json"/>
[...]
		<testcase name="None CKV_AWS_40/Ensure IAM policies are attached only to groups or roles (Reducing access management complexity may in-turn reduce opportunity for a principal to inadvertently receive or retain excessive privileges.) AWS::IAM::Policy.ecsServiceRoleProviderframeworkonEventServiceRoleDefaultPolicy72EC3BC6" classname="checkov.cloudformation.checks.resource.aws.IAMPolicyAttachedToGroupOrRoles" file="/CloudhsmBaseStack.template.json"/>
		<testcase name="None CKV_AWS_40/Ensure IAM policies are attached only to groups or roles (Reducing access management complexity may in-turn reduce opportunity for a principal to inadvertently receive or retain excessive privileges.) AWS::IAM::Policy.taskRoleDefaultPolicy8002BF36" classname="checkov.cloudformation.checks.resource.aws.IAMPolicyAttachedToGroupOrRoles" file="/CloudhsmBaseStack.template.json"/>
		<testcase name="None CKV_AWS_40/Ensure IAM policies are attached only to groups or roles (Reducing access management complexity may in-turn reduce opportunity for a principal to inadvertently receive or retain excessive privileges.) AWS::IAM::Policy.taskDefinitionExecutionRoleDefaultPolicy37BDDD55" classname="checkov.cloudformation.checks.resource.aws.IAMPolicyAttachedToGroupOrRoles" file="/CloudhsmBaseStack.template.json"/>
	</testsuite>
	<testsuite disabled="0" errors="0" failures="0" name="CKV_AWS_24/Ensure no security groups allow ingress from 0.0.0.0:0 to port 22" skipped="0" tests="1" time="0" package="checkov.cloudformation.checks.resource.aws.SecurityGroupUnrestrictedIngress22">
		<testcase name="None CKV_AWS_24/Ensure no security groups allow ingress from 0.0.0.0:0 to port 22 AWS::EC2::SecurityGroup.ec2InstanceSG195E6959" classname="checkov.cloudformation.checks.resource.aws.SecurityGroupUnrestrictedIngress22" file="/CloudhsmBaseStack.template.json"/>
	</testsuite>
	<testsuite disabled="0" errors="0" failures="0" name="CKV_AWS_23/Ensure every security groups rule has a description" skipped="0" tests="1" time="0" package="checkov.cloudformation.checks.resource.aws.SecurityGroupRuleDescription">
		<testcase name="None CKV_AWS_23/Ensure every security groups rule has a description AWS::EC2::SecurityGroup.ec2InstanceSG195E6959" classname="checkov.cloudformation.checks.resource.aws.SecurityGroupRuleDescription" file="/CloudhsmBaseStack.template.json"/>
	</testsuite>
	<testsuite disabled="0" errors="0" failures="0" name="CKV_AWS_25/Ensure no security groups allow ingress from 0.0.0.0:0 to port 3389" skipped="0" tests="1" time="0" package="checkov.cloudformation.checks.resource.aws.SecurityGroupUnrestrictedIngress3389">
		<testcase name="None CKV_AWS_25/Ensure no security groups allow ingress from 0.0.0.0:0 to port 3389 AWS::EC2::SecurityGroup.ec2InstanceSG195E6959" classname="checkov.cloudformation.checks.resource.aws.SecurityGroupUnrestrictedIngress3389" file="/CloudhsmBaseStack.template.json"/>
	</testsuite>
	<testsuite disabled="0" errors="0" failures="0" name="CKV_AWS_88/EC2 instance should not have public IP." skipped="0" tests="3" time="0" package="checkov.cloudformation.checks.resource.aws.EC2PublicIP">
		<testcase name="None CKV_AWS_88/EC2 instance should not have public IP. AWS::EC2::Instance.adminInstance083A62E0" classname="checkov.cloudformation.checks.resource.aws.EC2PublicIP" file="/CloudhsmBaseStack.template.json"/>
		<testcase name="None CKV_AWS_88/EC2 instance should not have public IP. AWS::EC2::Instance.clientInstance047662BC" classname="checkov.cloudformation.checks.resource.aws.EC2PublicIP" file="/CloudhsmBaseStack.template.json"/>
		<testcase name="None CKV_AWS_88/EC2 instance should not have public IP. AWS::EC2::Instance.clientInstanceUbuntu1A666DB8" classname="checkov.cloudformation.checks.resource.aws.EC2PublicIP" file="/CloudhsmBaseStack.template.json"/>
	</testsuite>
	<testsuite disabled="0" errors="0" failures="0" name="CKV_AWS_46/Ensure no hard-coded secrets exist in EC2 user data" skipped="0" tests="3" time="0" package="checkov.cloudformation.checks.resource.aws.EC2Credentials">
		<testcase name="None CKV_AWS_46/Ensure no hard-coded secrets exist in EC2 user data AWS::EC2::Instance.adminInstance083A62E0" classname="checkov.cloudformation.checks.resource.aws.EC2Credentials" file="/CloudhsmBaseStack.template.json"/>
		<testcase name="None CKV_AWS_46/Ensure no hard-coded secrets exist in EC2 user data AWS::EC2::Instance.clientInstance047662BC" classname="checkov.cloudformation.checks.resource.aws.EC2Credentials" file="/CloudhsmBaseStack.template.json"/>
		<testcase name="None CKV_AWS_46/Ensure no hard-coded secrets exist in EC2 user data AWS::EC2::Instance.clientInstanceUbuntu1A666DB8" classname="checkov.cloudformation.checks.resource.aws.EC2Credentials" file="/CloudhsmBaseStack.template.json"/>
	</testsuite>
	<testsuite disabled="0" errors="0" failures="0" name="CKV_AWS_45/Ensure no hard-coded secrets exist in lambda environment" skipped="0" tests="35" time="0" package="checkov.cloudformation.checks.resource.aws.LambdaEnvironmentCredentials">
		<testcase name="None CKV_AWS_45/Ensure no hard-coded secrets exist in lambda environment AWS::Lambda::Function.cloudHSMProvider089B6888" classname="checkov.cloudformation.checks.resource.aws.LambdaEnvironmentCredentials" file="/CloudhsmBaseStack.template.json"/>
		<testcase name="None CKV_AWS_45/Ensure no hard-coded secrets exist in lambda environment AWS::Lambda::Function.cloudHSMProviderIsCompleteB53322F6" classname="checkov.cloudformation.checks.resource.aws.LambdaEnvironmentCredentials" file="/CloudhsmBaseStack.template.json"/>
		<testcase name="None CKV_AWS_45/Ensure no hard-coded secrets exist in lambda environment AWS::Lambda::Function.CloudHSMClusterProviderframeworkonEventED74A504" classname="checkov.cloudformation.checks.resource.aws.LambdaEnvironmentCredentials" file="/CloudhsmBaseStack.template.json"/>
		<testcase name="None CKV_AWS_45/Ensure no hard-coded secrets exist in lambda environment AWS::Lambda::Function.CloudHSMClusterProviderframeworkisComplete89D67723" classname="checkov.cloudformation.checks.resource.aws.LambdaEnvironmentCredentials" file="/CloudhsmBaseStack.template.json"/>
		<testcase name="None CKV_AWS_45/Ensure no hard-coded secrets exist in lambda environment AWS::Lambda::Function.CloudHSMClusterProviderframeworkonTimeout6372F687" classname="checkov.cloudformation.checks.resource.aws.LambdaEnvironmentCredentials" file="/CloudhsmBaseStack.template.json"/>
		<testcase name="None CKV_AWS_45/Ensure no hard-coded secrets exist in lambda environment AWS::Lambda::Function.cloudHSM1Provider7D3373AF" classname="checkov.cloudformation.checks.resource.aws.LambdaEnvironmentCredentials" file="/CloudhsmBaseStack.template.json"/>
		<testcase name="None CKV_AWS_45/Ensure no hard-coded secrets exist in lambda environment AWS::Lambda::Function.cloudHSM1ProviderIsComplete576FB05D" classname="checkov.cloudformation.checks.resource.aws.LambdaEnvironmentCredentials" file="/CloudhsmBaseStack.template.json"/>
		<testcase name="None CKV_AWS_45/Ensure no hard-coded secrets exist in lambda environment AWS::Lambda::Function.CloudHSM1ProviderframeworkonEvent3F58B887" classname="checkov.cloudformation.checks.resource.aws.LambdaEnvironmentCredentials" file="/CloudhsmBaseStack.template.json"/>
		<testcase name="None CKV_AWS_45/Ensure no hard-coded secrets exist in lambda environment AWS::Lambda::Function.CloudHSM1ProviderframeworkisComplete20FFB694" classname="checkov.cloudformation.checks.resource.aws.LambdaEnvironmentCredentials" file="/CloudhsmBaseStack.template.json"/>
		<testcase name="None CKV_AWS_45/Ensure no hard-coded secrets exist in lambda environment AWS::Lambda::Function.CloudHSM1ProviderframeworkonTimeout10E59512" classname="checkov.cloudformation.checks.resource.aws.LambdaEnvironmentCredentials" file="/CloudhsmBaseStack.template.json"/>
		<testcase name="None CKV_AWS_45/Ensure no hard-coded secrets exist in lambda environment AWS::Lambda::Function.initializeCluster1DB1DD7B" classname="checkov.cloudformation.checks.resource.aws.LambdaEnvironmentCredentials" file="/CloudhsmBaseStack.template.json"/>
		<testcase name="None CKV_AWS_45/Ensure no hard-coded secrets exist in lambda environment AWS::Lambda::Function.initializeClusterIsCompleteFunction481E4752" classname="checkov.cloudformation.checks.resource.aws.LambdaEnvironmentCredentials" file="/CloudhsmBaseStack.template.json"/>
		<testcase name="None CKV_AWS_45/Ensure no hard-coded secrets exist in lambda environment AWS::Lambda::Function.generateKeysProviderframeworkonEventAE0446AF" classname="checkov.cloudformation.checks.resource.aws.LambdaEnvironmentCredentials" file="/CloudhsmBaseStack.template.json"/>
		<testcase name="None CKV_AWS_45/Ensure no hard-coded secrets exist in lambda environment AWS::Lambda::Function.generateKeysProviderframeworkisComplete8AF47008" classname="checkov.cloudformation.checks.resource.aws.LambdaEnvironmentCredentials" file="/CloudhsmBaseStack.template.json"/>
		<testcase name="None CKV_AWS_45/Ensure no hard-coded secrets exist in lambda environment AWS::Lambda::Function.generateKeysProviderframeworkonTimeout3C2ED29D" classname="checkov.cloudformation.checks.resource.aws.LambdaEnvironmentCredentials" file="/CloudhsmBaseStack.template.json"/>
		<testcase name="None CKV_AWS_45/Ensure no hard-coded secrets exist in lambda environment AWS::Lambda::Function.activateClusterFunction909BB4CE" classname="checkov.cloudformation.checks.resource.aws.LambdaEnvironmentCredentials" file="/CloudhsmBaseStack.template.json"/>
		<testcase name="None CKV_AWS_45/Ensure no hard-coded secrets exist in lambda environment AWS::Lambda::Function.activateClusterCompleteFunction0A423377" classname="checkov.cloudformation.checks.resource.aws.LambdaEnvironmentCredentials" file="/CloudhsmBaseStack.template.json"/>
		<testcase name="None CKV_AWS_45/Ensure no hard-coded secrets exist in lambda environment AWS::Lambda::Function.activateClusterProviderframeworkonEvent2E681664" classname="checkov.cloudformation.checks.resource.aws.LambdaEnvironmentCredentials" file="/CloudhsmBaseStack.template.json"/>
		<testcase name="None CKV_AWS_45/Ensure no hard-coded secrets exist in lambda environment AWS::Lambda::Function.activateClusterProviderframeworkisComplete0E58C128" classname="checkov.cloudformation.checks.resource.aws.LambdaEnvironmentCredentials" file="/CloudhsmBaseStack.template.json"/>
		<testcase name="None CKV_AWS_45/Ensure no hard-coded secrets exist in lambda environment AWS::Lambda::Function.activateClusterProviderframeworkonTimeoutE0829237" classname="checkov.cloudformation.checks.resource.aws.LambdaEnvironmentCredentials" file="/CloudhsmBaseStack.template.json"/>
		<testcase name="None CKV_AWS_45/Ensure no hard-coded secrets exist in lambda environment AWS::Lambda::Function.cloudHSMReadyProvider8D98F358" classname="checkov.cloudformation.checks.resource.aws.LambdaEnvironmentCredentials" file="/CloudhsmBaseStack.template.json"/>
		<testcase name="None CKV_AWS_45/Ensure no hard-coded secrets exist in lambda environment AWS::Lambda::Function.cloudHSMReadyIsCompleteProvider2DDA04F3" classname="checkov.cloudformation.checks.resource.aws.LambdaEnvironmentCredentials" file="/CloudhsmBaseStack.template.json"/>
		<testcase name="None CKV_AWS_45/Ensure no hard-coded secrets exist in lambda environment AWS::Lambda::Function.cloudHsmReadyProviderframeworkonEvent5B851AE9" classname="checkov.cloudformation.checks.resource.aws.LambdaEnvironmentCredentials" file="/CloudhsmBaseStack.template.json"/>
		<testcase name="None CKV_AWS_45/Ensure no hard-coded secrets exist in lambda environment AWS::Lambda::Function.cloudHsmReadyProviderframeworkisCompleteD77141B1" classname="checkov.cloudformation.checks.resource.aws.LambdaEnvironmentCredentials" file="/CloudhsmBaseStack.template.json"/>
		<testcase name="None CKV_AWS_45/Ensure no hard-coded secrets exist in lambda environment AWS::Lambda::Function.cloudHsmReadyProviderframeworkonTimeout8D8E0AFA" classname="checkov.cloudformation.checks.resource.aws.LambdaEnvironmentCredentials" file="/CloudhsmBaseStack.template.json"/>
		<testcase name="None CKV_AWS_45/Ensure no hard-coded secrets exist in lambda environment AWS::Lambda::Function.CloudHSM2ProviderframeworkonEventC22D1D70" classname="checkov.cloudformation.checks.resource.aws.LambdaEnvironmentCredentials" file="/CloudhsmBaseStack.template.json"/>
		<testcase name="None CKV_AWS_45/Ensure no hard-coded secrets exist in lambda environment AWS::Lambda::Function.CloudHSM2ProviderframeworkisCompleteD667CFC8" classname="checkov.cloudformation.checks.resource.aws.LambdaEnvironmentCredentials" file="/CloudhsmBaseStack.template.json"/>
		<testcase name="None CKV_AWS_45/Ensure no hard-coded secrets exist in lambda environment AWS::Lambda::Function.CloudHSM2ProviderframeworkonTimeout217ED6BA" classname="checkov.cloudformation.checks.resource.aws.LambdaEnvironmentCredentials" file="/CloudhsmBaseStack.template.json"/>
		<testcase name="None CKV_AWS_45/Ensure no hard-coded secrets exist in lambda environment AWS::Lambda::Function.bootstrapFunction77E6A443" classname="checkov.cloudformation.checks.resource.aws.LambdaEnvironmentCredentials" file="/CloudhsmBaseStack.template.json"/>
		<testcase name="None CKV_AWS_45/Ensure no hard-coded secrets exist in lambda environment AWS::Lambda::Function.bootstrapCompleteFunction832B4D61" classname="checkov.cloudformation.checks.resource.aws.LambdaEnvironmentCredentials" file="/CloudhsmBaseStack.template.json"/>
		<testcase name="None CKV_AWS_45/Ensure no hard-coded secrets exist in lambda environment AWS::Lambda::Function.bootstrapInstanceProviderframeworkonEventE89EBB68" classname="checkov.cloudformation.checks.resource.aws.LambdaEnvironmentCredentials" file="/CloudhsmBaseStack.template.json"/>
		<testcase name="None CKV_AWS_45/Ensure no hard-coded secrets exist in lambda environment AWS::Lambda::Function.bootstrapInstanceProviderframeworkisCompleteE9B58A14" classname="checkov.cloudformation.checks.resource.aws.LambdaEnvironmentCredentials" file="/CloudhsmBaseStack.template.json"/>
		<testcase name="None CKV_AWS_45/Ensure no hard-coded secrets exist in lambda environment AWS::Lambda::Function.bootstrapInstanceProviderframeworkonTimeout58B91440" classname="checkov.cloudformation.checks.resource.aws.LambdaEnvironmentCredentials" file="/CloudhsmBaseStack.template.json"/>
		<testcase name="None CKV_AWS_45/Ensure no hard-coded secrets exist in lambda environment AWS::Lambda::Function.ecsServiceRoleCheck35079281" classname="checkov.cloudformation.checks.resource.aws.LambdaEnvironmentCredentials" file="/CloudhsmBaseStack.template.json"/>
		<testcase name="None CKV_AWS_45/Ensure no hard-coded secrets exist in lambda environment AWS::Lambda::Function.ecsServiceRoleProviderframeworkonEventDEE5248B" classname="checkov.cloudformation.checks.resource.aws.LambdaEnvironmentCredentials" file="/CloudhsmBaseStack.template.json"/>
	</testsuite>
	<testsuite disabled="0" errors="0" failures="0" name="CKV_AWS_66/Ensure cloudwatch log groups specify retention days" skipped="0" tests="2" time="0" package="checkov.cloudformation.checks.resource.aws.cloudwatchLogGroupRetention">
		<testcase name="None CKV_AWS_66/Ensure cloudwatch log groups specify retention days AWS::Logs::LogGroup.shellscriptLogs703C193D" classname="checkov.cloudformation.checks.resource.aws.cloudwatchLogGroupRetention" file="/CloudhsmBaseStack.template.json"/>
		<testcase name="None CKV_AWS_66/Ensure cloudwatch log groups specify retention days AWS::Logs::LogGroup.ecsloggroup34D5F64E" classname="checkov.cloudformation.checks.resource.aws.cloudwatchLogGroupRetention" file="/CloudhsmBaseStack.template.json"/>
	</testsuite>
	<testsuite disabled="0" errors="0" failures="0" name="CKV_AWS_65/Ensure container insights are enabled on ECS cluster" skipped="0" tests="1" time="0" package="checkov.cloudformation.checks.resource.aws.ECSClusterContainerInsights">
		<testcase name="None CKV_AWS_65/Ensure container insights are enabled on ECS cluster AWS::ECS::Cluster.CloudHSMTest0A82E5BA" classname="checkov.cloudformation.checks.resource.aws.ECSClusterContainerInsights" file="/CloudhsmBaseStack.template.json"/>
	</testsuite>
	<testsuite disabled="0" errors="0" failures="0" name="CKV_AWS_97/Ensure Encryption in transit is enabled for EFS volumes in ECS Task definitions" skipped="0" tests="1" time="0" package="checkov.cloudformation.checks.resource.aws.ECSTaskDefinitionEFSVolumeEncryption">
		<testcase name="None CKV_AWS_97/Ensure Encryption in transit is enabled for EFS volumes in ECS Task definitions AWS::ECS::TaskDefinition.taskDefinitionD5BB2FFF" classname="checkov.cloudformation.checks.resource.aws.ECSTaskDefinitionEFSVolumeEncryption" file="/CloudhsmBaseStack.template.json"/>
	</testsuite>
	<testsuite disabled="0" errors="0" failures="0" name="CKV_DOCKER_5/Ensure update instructions are not use alone in the Dockerfile" skipped="0" tests="1" time="0" package="checkov.dockerfile.checks.UpdateNotAlone">
		<testcase name="None CKV_DOCKER_5/Ensure update instructions are not use alone in the Dockerfile /asset.e01407cd0f9e148ef045900a1359236ce4574354e7ddfc116eccb24f5a48a4d4.0-sample/Dockerfile." classname="checkov.dockerfile.checks.UpdateNotAlone" file="/asset.e01407cd0f9e148ef045900a1359236ce4574354e7ddfc116eccb24f5a48a4d4.0-sample/Dockerfile"/>
	</testsuite>
	<testsuite disabled="0" errors="0" failures="0" name="CKV_DOCKER_7/Ensure the base image uses a non latest version tag" skipped="0" tests="1" time="0" package="checkov.dockerfile.checks.ReferenceLatestTag">
		<testcase name="None CKV_DOCKER_7/Ensure the base image uses a non latest version tag /asset.e01407cd0f9e148ef045900a1359236ce4574354e7ddfc116eccb24f5a48a4d4.0-sample/Dockerfile." classname="checkov.dockerfile.checks.ReferenceLatestTag" file="/asset.e01407cd0f9e148ef045900a1359236ce4574354e7ddfc116eccb24f5a48a4d4.0-sample/Dockerfile"/>
	</testsuite>
	<testsuite disabled="0" errors="0" failures="1" name="CKV_DOCKER_2/Ensure that HEALTHCHECK instructions have been added to container images " skipped="0" tests="1" time="0" package="checkov.dockerfile.checks.HealthcheckExists">
		<testcase name="None CKV_DOCKER_2/Ensure that HEALTHCHECK instructions have been added to container images  /asset.e01407cd0f9e148ef045900a1359236ce4574354e7ddfc116eccb24f5a48a4d4.0-sample/Dockerfile." classname="checkov.dockerfile.checks.HealthcheckExists" file="/asset.e01407cd0f9e148ef045900a1359236ce4574354e7ddfc116eccb24f5a48a4d4.0-sample/Dockerfile">
			<failure type="failure" message="Resource /asset.e01407cd0f9e148ef045900a1359236ce4574354e7ddfc116eccb24f5a48a4d4.0-sample/Dockerfile. failed in check CKV_DOCKER_2/Ensure that HEALTHCHECK instructions have been added to container images  - /asset.e01407cd0f9e148ef045900a1359236ce4574354e7ddfc116eccb24f5a48a4d4.0-sample/Dockerfile:[0, 0]"/>
		</testcase>
	</testsuite>
	<testsuite disabled="0" errors="0" failures="1" name="CKV_DOCKER_3/Ensure that a user for the container has been created" skipped="0" tests="1" time="0" package="checkov.dockerfile.checks.UserExists">
		<testcase name="None CKV_DOCKER_3/Ensure that a user for the container has been created /asset.e01407cd0f9e148ef045900a1359236ce4574354e7ddfc116eccb24f5a48a4d4.0-sample/Dockerfile." classname="checkov.dockerfile.checks.UserExists" file="/asset.e01407cd0f9e148ef045900a1359236ce4574354e7ddfc116eccb24f5a48a4d4.0-sample/Dockerfile">
			<failure type="failure" message="Resource /asset.e01407cd0f9e148ef045900a1359236ce4574354e7ddfc116eccb24f5a48a4d4.0-sample/Dockerfile. failed in check CKV_DOCKER_3/Ensure that a user for the container has been created - /asset.e01407cd0f9e148ef045900a1359236ce4574354e7ddfc116eccb24f5a48a4d4.0-sample/Dockerfile:[0, 0]"/>
		</testcase>
	</testsuite>
</testsuites>

